2020-11-10 19:21:30.7314| khurram |  | |INFO|Microsoft.Hosting.Lifetime| Microsoft.Extensions.Hosting.Internal.ConsoleLifetime.OnApplicationStarted | Application started. Press Ctrl+C to shut down. 
2020-11-10 19:21:30.7950| khurram |  | |INFO|Microsoft.Hosting.Lifetime| Microsoft.Extensions.Hosting.Internal.ConsoleLifetime.OnApplicationStarted | Hosting environment: Development 
2020-11-10 19:21:30.8085| khurram |  | |INFO|Microsoft.Hosting.Lifetime| Microsoft.Extensions.Hosting.Internal.ConsoleLifetime.OnApplicationStarted | Content root path: D:\MyDevelopment\A1_InterviewTests\EagleEyes -Khurram\MyAppSolution_Khurram\App.WebServices 
2020-11-10 19:23:56.0802| khurram |  | |INFO|Microsoft.Hosting.Lifetime| Microsoft.Extensions.Hosting.Internal.ConsoleLifetime.OnApplicationStarted | Application started. Press Ctrl+C to shut down. 
2020-11-10 19:23:56.1243| khurram |  | |INFO|Microsoft.Hosting.Lifetime| Microsoft.Extensions.Hosting.Internal.ConsoleLifetime.OnApplicationStarted | Hosting environment: Development 
2020-11-10 19:23:56.1380| khurram |  | |INFO|Microsoft.Hosting.Lifetime| Microsoft.Extensions.Hosting.Internal.ConsoleLifetime.OnApplicationStarted | Content root path: D:\MyDevelopment\A1_InterviewTests\EagleEyes -Khurram\MyAppSolution_Khurram\App.WebServices 
2020-11-10 19:28:28.4947| khurram |  | |INFO|Microsoft.Hosting.Lifetime| Microsoft.Extensions.Hosting.Internal.ConsoleLifetime.OnApplicationStarted | Application started. Press Ctrl+C to shut down. 
2020-11-10 19:28:28.5336| khurram |  | |INFO|Microsoft.Hosting.Lifetime| Microsoft.Extensions.Hosting.Internal.ConsoleLifetime.OnApplicationStarted | Hosting environment: Development 
2020-11-10 19:28:28.5434| khurram |  | |INFO|Microsoft.Hosting.Lifetime| Microsoft.Extensions.Hosting.Internal.ConsoleLifetime.OnApplicationStarted | Content root path: D:\MyDevelopment\A1_InterviewTests\EagleEyes -Khurram\MyAppSolution_Khurram\App.WebServices 
2020-11-10 19:33:21.1913| khurram |  | |INFO|Microsoft.Hosting.Lifetime| Microsoft.Extensions.Hosting.Internal.ConsoleLifetime.OnApplicationStarted | Application started. Press Ctrl+C to shut down. 
2020-11-10 19:33:21.2468| khurram |  | |INFO|Microsoft.Hosting.Lifetime| Microsoft.Extensions.Hosting.Internal.ConsoleLifetime.OnApplicationStarted | Hosting environment: Development 
2020-11-10 19:33:21.2614| khurram |  | |INFO|Microsoft.Hosting.Lifetime| Microsoft.Extensions.Hosting.Internal.ConsoleLifetime.OnApplicationStarted | Content root path: D:\MyDevelopment\A1_InterviewTests\EagleEyes -Khurram\MyAppSolution_Khurram\App.WebServices 
2020-11-10 19:54:27.7642| khurram |  | |INFO|Microsoft.Hosting.Lifetime| Microsoft.Extensions.Hosting.Internal.ConsoleLifetime.OnApplicationStarted | Application started. Press Ctrl+C to shut down. 
2020-11-10 19:54:27.8244| khurram |  | |INFO|Microsoft.Hosting.Lifetime| Microsoft.Extensions.Hosting.Internal.ConsoleLifetime.OnApplicationStarted | Hosting environment: Development 
2020-11-10 19:54:27.8398| khurram |  | |INFO|Microsoft.Hosting.Lifetime| Microsoft.Extensions.Hosting.Internal.ConsoleLifetime.OnApplicationStarted | Content root path: D:\MyDevelopment\A1_InterviewTests\EagleEyes -Khurram\MyAppSolution_Khurram\App.WebServices 
2020-11-10 20:11:23.7147| khurram |  | |INFO|Microsoft.Hosting.Lifetime| Microsoft.Extensions.Hosting.Internal.ConsoleLifetime.OnApplicationStarted | Application started. Press Ctrl+C to shut down. 
2020-11-10 20:11:23.7775| khurram |  | |INFO|Microsoft.Hosting.Lifetime| Microsoft.Extensions.Hosting.Internal.ConsoleLifetime.OnApplicationStarted | Hosting environment: Development 
2020-11-10 20:11:23.7935| khurram |  | |INFO|Microsoft.Hosting.Lifetime| Microsoft.Extensions.Hosting.Internal.ConsoleLifetime.OnApplicationStarted | Content root path: D:\MyDevelopment\A1_InterviewTests\EagleEyes -Khurram\MyAppSolution_Khurram\App.WebServices 
2020-11-10 20:15:44.3763| khurram |  | |INFO|Microsoft.Hosting.Lifetime| Microsoft.Extensions.Hosting.Internal.ConsoleLifetime.OnApplicationStarted | Application started. Press Ctrl+C to shut down. 
2020-11-10 20:15:44.4202| khurram |  | |INFO|Microsoft.Hosting.Lifetime| Microsoft.Extensions.Hosting.Internal.ConsoleLifetime.OnApplicationStarted | Hosting environment: Development 
2020-11-10 20:15:44.4202| khurram |  | |INFO|Microsoft.Hosting.Lifetime| Microsoft.Extensions.Hosting.Internal.ConsoleLifetime.OnApplicationStarted | Content root path: D:\MyDevelopment\A1_InterviewTests\EagleEyes -Khurram\MyAppSolution_Khurram\App.WebServices 
2020-11-10 20:18:23.4011| khurram |  | |INFO|Microsoft.Hosting.Lifetime| Microsoft.Extensions.Hosting.Internal.ConsoleLifetime.OnApplicationStarted | Application started. Press Ctrl+C to shut down. 
2020-11-10 20:18:23.4362| khurram |  | |INFO|Microsoft.Hosting.Lifetime| Microsoft.Extensions.Hosting.Internal.ConsoleLifetime.OnApplicationStarted | Hosting environment: Development 
2020-11-10 20:18:23.4490| khurram |  | |INFO|Microsoft.Hosting.Lifetime| Microsoft.Extensions.Hosting.Internal.ConsoleLifetime.OnApplicationStarted | Content root path: D:\MyDevelopment\A1_InterviewTests\EagleEyes -Khurram\MyAppSolution_Khurram\App.WebServices 
2020-11-10 20:22:42.5056| khurram |  | |INFO|Microsoft.Hosting.Lifetime| Microsoft.Extensions.Hosting.Internal.ConsoleLifetime.OnApplicationStarted | Application started. Press Ctrl+C to shut down. 
2020-11-10 20:22:42.5431| khurram |  | |INFO|Microsoft.Hosting.Lifetime| Microsoft.Extensions.Hosting.Internal.ConsoleLifetime.OnApplicationStarted | Hosting environment: Development 
2020-11-10 20:22:42.5588| khurram |  | |INFO|Microsoft.Hosting.Lifetime| Microsoft.Extensions.Hosting.Internal.ConsoleLifetime.OnApplicationStarted | Content root path: D:\MyDevelopment\A1_InterviewTests\EagleEyes -Khurram\MyAppSolution_Khurram\App.WebServices 
2020-11-10 20:24:00.0175| khurram |  | |INFO|Microsoft.Hosting.Lifetime| Microsoft.Extensions.Hosting.Internal.ConsoleLifetime.OnApplicationStarted | Application started. Press Ctrl+C to shut down. 
2020-11-10 20:24:00.0583| khurram |  | |INFO|Microsoft.Hosting.Lifetime| Microsoft.Extensions.Hosting.Internal.ConsoleLifetime.OnApplicationStarted | Hosting environment: Development 
2020-11-10 20:24:00.0736| khurram |  | |INFO|Microsoft.Hosting.Lifetime| Microsoft.Extensions.Hosting.Internal.ConsoleLifetime.OnApplicationStarted | Content root path: D:\MyDevelopment\A1_InterviewTests\EagleEyes -Khurram\MyAppSolution_Khurram\App.WebServices 
2020-11-10 20:29:59.5480| khurram |  | |INFO|Microsoft.Hosting.Lifetime| Microsoft.Extensions.Hosting.Internal.ConsoleLifetime.OnApplicationStarted | Application started. Press Ctrl+C to shut down. 
2020-11-10 20:29:59.5940| khurram |  | |INFO|Microsoft.Hosting.Lifetime| Microsoft.Extensions.Hosting.Internal.ConsoleLifetime.OnApplicationStarted | Hosting environment: Development 
2020-11-10 20:29:59.5940| khurram |  | |INFO|Microsoft.Hosting.Lifetime| Microsoft.Extensions.Hosting.Internal.ConsoleLifetime.OnApplicationStarted | Content root path: D:\MyDevelopment\A1_InterviewTests\EagleEyes -Khurram\MyAppSolution_Khurram\App.WebServices 
2020-11-10 20:30:25.7611| khurram |  | |INFO|Microsoft.Hosting.Lifetime| Microsoft.Extensions.Hosting.Internal.ConsoleLifetime.OnApplicationStarted | Application started. Press Ctrl+C to shut down. 
2020-11-10 20:30:25.8083| khurram |  | |INFO|Microsoft.Hosting.Lifetime| Microsoft.Extensions.Hosting.Internal.ConsoleLifetime.OnApplicationStarted | Hosting environment: Development 
2020-11-10 20:30:25.8083| khurram |  | |INFO|Microsoft.Hosting.Lifetime| Microsoft.Extensions.Hosting.Internal.ConsoleLifetime.OnApplicationStarted | Content root path: D:\MyDevelopment\A1_InterviewTests\EagleEyes -Khurram\MyAppSolution_Khurram\App.WebServices 
2020-11-10 22:07:56.8064| khurram |  | |INFO|Microsoft.Hosting.Lifetime| Microsoft.Extensions.Hosting.Internal.ConsoleLifetime.OnApplicationStarted | Application started. Press Ctrl+C to shut down. 
2020-11-10 22:07:56.8445| khurram |  | |INFO|Microsoft.Hosting.Lifetime| Microsoft.Extensions.Hosting.Internal.ConsoleLifetime.OnApplicationStarted | Hosting environment: Development 
2020-11-10 22:07:56.8587| khurram |  | |INFO|Microsoft.Hosting.Lifetime| Microsoft.Extensions.Hosting.Internal.ConsoleLifetime.OnApplicationStarted | Content root path: D:\MyDevelopment\A1_InterviewTests\EagleEyes -Khurram\MyAppSolution_Khurram\App.WebServices 
2020-11-10 22:14:44.9349| khurram |  | |INFO|Microsoft.Hosting.Lifetime| Microsoft.Extensions.Hosting.Internal.ConsoleLifetime.OnApplicationStarted | Application started. Press Ctrl+C to shut down. 
2020-11-10 22:14:44.9828| khurram |  | |INFO|Microsoft.Hosting.Lifetime| Microsoft.Extensions.Hosting.Internal.ConsoleLifetime.OnApplicationStarted | Hosting environment: Development 
2020-11-10 22:14:44.9828| khurram |  | |INFO|Microsoft.Hosting.Lifetime| Microsoft.Extensions.Hosting.Internal.ConsoleLifetime.OnApplicationStarted | Content root path: D:\MyDevelopment\A1_InterviewTests\EagleEyes -Khurram\MyAppSolution_Khurram\App.WebServices 
2020-11-10 22:15:31.7950| khurram |  | |INFO|Microsoft.Hosting.Lifetime| Microsoft.Extensions.Hosting.Internal.ConsoleLifetime.OnApplicationStarted | Application started. Press Ctrl+C to shut down. 
2020-11-10 22:15:31.8275| khurram |  | |INFO|Microsoft.Hosting.Lifetime| Microsoft.Extensions.Hosting.Internal.ConsoleLifetime.OnApplicationStarted | Hosting environment: Development 
2020-11-10 22:15:31.8400| khurram |  | |INFO|Microsoft.Hosting.Lifetime| Microsoft.Extensions.Hosting.Internal.ConsoleLifetime.OnApplicationStarted | Content root path: D:\MyDevelopment\A1_InterviewTests\EagleEyes -Khurram\MyAppSolution_Khurram\App.WebServices 
2020-11-10 22:17:15.6917| khurram |  | |INFO|Microsoft.Hosting.Lifetime| Microsoft.Extensions.Hosting.Internal.ConsoleLifetime.OnApplicationStarted | Application started. Press Ctrl+C to shut down. 
2020-11-10 22:17:15.7349| khurram |  | |INFO|Microsoft.Hosting.Lifetime| Microsoft.Extensions.Hosting.Internal.ConsoleLifetime.OnApplicationStarted | Hosting environment: Development 
2020-11-10 22:17:15.7349| khurram |  | |INFO|Microsoft.Hosting.Lifetime| Microsoft.Extensions.Hosting.Internal.ConsoleLifetime.OnApplicationStarted | Content root path: D:\MyDevelopment\A1_InterviewTests\EagleEyes -Khurram\MyAppSolution_Khurram\App.WebServices 
2020-11-10 22:17:57.7820| khurram |  | 1|ERROR|Microsoft.AspNetCore.Diagnostics.DeveloperExceptionPageMiddleware| Microsoft.AspNetCore.Diagnostics.DiagnosticsLoggerExtensions.UnhandledException | An unhandled exception has occurred while executing the request. System.Text.Json.JsonException: A possible object cycle was detected which is not supported. This can either be due to a cycle or if the object depth is larger than the maximum allowed depth of 32.
   at System.Text.Json.ThrowHelper.ThrowInvalidOperationException_SerializerCycleDetected(Int32 maxDepth)
   at System.Text.Json.JsonSerializer.Write(Utf8JsonWriter writer, Int32 originalWriterDepth, Int32 flushThreshold, JsonSerializerOptions options, WriteStack& state)
   at System.Text.Json.JsonSerializer.WriteAsyncCore(Stream utf8Json, Object value, Type inputType, JsonSerializerOptions options, CancellationToken cancellationToken)
   at Microsoft.AspNetCore.Mvc.Infrastructure.SystemTextJsonResultExecutor.ExecuteAsync(ActionContext context, JsonResult result)
   at Microsoft.AspNetCore.Mvc.Infrastructure.SystemTextJsonResultExecutor.ExecuteAsync(ActionContext context, JsonResult result)
   at Microsoft.AspNetCore.Mvc.Infrastructure.ResourceInvoker.<InvokeNextResultFilterAsync>g__Awaited|29_0[TFilter,TFilterAsync](ResourceInvoker invoker, Task lastTask, State next, Scope scope, Object state, Boolean isCompleted)
   at Microsoft.AspNetCore.Mvc.Infrastructure.ResourceInvoker.Rethrow(ResultExecutedContextSealed context)
   at Microsoft.AspNetCore.Mvc.Infrastructure.ResourceInvoker.ResultNext[TFilter,TFilterAsync](State& next, Scope& scope, Object& state, Boolean& isCompleted)
   at Microsoft.AspNetCore.Mvc.Infrastructure.ResourceInvoker.InvokeResultFilters()
--- End of stack trace from previous location where exception was thrown ---
   at Microsoft.AspNetCore.Mvc.Infrastructure.ResourceInvoker.<InvokeFilterPipelineAsync>g__Awaited|19_0(ResourceInvoker invoker, Task lastTask, State next, Scope scope, Object state, Boolean isCompleted)
   at Microsoft.AspNetCore.Mvc.Infrastructure.ResourceInvoker.<InvokeAsync>g__Awaited|17_0(ResourceInvoker invoker, Task task, IDisposable scope)
   at Microsoft.AspNetCore.Routing.EndpointMiddleware.<Invoke>g__AwaitRequestTask|6_0(Endpoint endpoint, Task requestTask, ILogger logger)
   at Microsoft.AspNetCore.Authorization.AuthorizationMiddleware.Invoke(HttpContext context)
   at Microsoft.AspNetCore.Diagnostics.DeveloperExceptionPageMiddleware.Invoke(HttpContext context)
2020-11-10 22:21:17.4579| khurram |  | |INFO|Microsoft.Hosting.Lifetime| Microsoft.Extensions.Hosting.Internal.ConsoleLifetime.OnApplicationStarted | Application started. Press Ctrl+C to shut down. 
2020-11-10 22:21:17.4978| khurram |  | |INFO|Microsoft.Hosting.Lifetime| Microsoft.Extensions.Hosting.Internal.ConsoleLifetime.OnApplicationStarted | Hosting environment: Development 
2020-11-10 22:21:17.5115| khurram |  | |INFO|Microsoft.Hosting.Lifetime| Microsoft.Extensions.Hosting.Internal.ConsoleLifetime.OnApplicationStarted | Content root path: D:\MyDevelopment\A1_InterviewTests\EagleEyes -Khurram\MyAppSolution_Khurram\App.WebServices 
2020-11-10 22:32:37.5741| khurram |  | |INFO|Microsoft.Hosting.Lifetime| Microsoft.Extensions.Hosting.Internal.ConsoleLifetime.OnApplicationStarted | Application started. Press Ctrl+C to shut down. 
2020-11-10 22:32:37.6392| khurram |  | |INFO|Microsoft.Hosting.Lifetime| Microsoft.Extensions.Hosting.Internal.ConsoleLifetime.OnApplicationStarted | Hosting environment: Development 
2020-11-10 22:32:37.6392| khurram |  | |INFO|Microsoft.Hosting.Lifetime| Microsoft.Extensions.Hosting.Internal.ConsoleLifetime.OnApplicationStarted | Content root path: D:\MyDevelopment\A1_InterviewTests\EagleEyes -Khurram\MyAppSolution_Khurram\App.WebServices 
2020-11-10 22:34:33.2763| khurram |  | |INFO|Microsoft.Hosting.Lifetime| Microsoft.Extensions.Hosting.Internal.ConsoleLifetime.OnApplicationStarted | Application started. Press Ctrl+C to shut down. 
2020-11-10 22:34:33.3272| khurram |  | |INFO|Microsoft.Hosting.Lifetime| Microsoft.Extensions.Hosting.Internal.ConsoleLifetime.OnApplicationStarted | Hosting environment: Development 
2020-11-10 22:34:33.3399| khurram |  | |INFO|Microsoft.Hosting.Lifetime| Microsoft.Extensions.Hosting.Internal.ConsoleLifetime.OnApplicationStarted | Content root path: D:\MyDevelopment\A1_InterviewTests\EagleEyes -Khurram\MyAppSolution_Khurram\App.WebServices 
2020-11-10 22:36:32.2200| khurram |  | |INFO|Microsoft.Hosting.Lifetime| Microsoft.Extensions.Hosting.Internal.ConsoleLifetime.OnApplicationStarted | Application started. Press Ctrl+C to shut down. 
2020-11-10 22:36:32.2619| khurram |  | |INFO|Microsoft.Hosting.Lifetime| Microsoft.Extensions.Hosting.Internal.ConsoleLifetime.OnApplicationStarted | Hosting environment: Development 
2020-11-10 22:36:32.2619| khurram |  | |INFO|Microsoft.Hosting.Lifetime| Microsoft.Extensions.Hosting.Internal.ConsoleLifetime.OnApplicationStarted | Content root path: D:\MyDevelopment\A1_InterviewTests\EagleEyes -Khurram\MyAppSolution_Khurram\App.WebServices 
2020-11-10 22:42:22.7883| khurram |  | 1|ERROR|Microsoft.AspNetCore.Diagnostics.DeveloperExceptionPageMiddleware| Microsoft.AspNetCore.Diagnostics.DiagnosticsLoggerExtensions.UnhandledException | An unhandled exception has occurred while executing the request. System.Text.Json.JsonException: A possible object cycle was detected which is not supported. This can either be due to a cycle or if the object depth is larger than the maximum allowed depth of 32.
   at System.Text.Json.ThrowHelper.ThrowInvalidOperationException_SerializerCycleDetected(Int32 maxDepth)
   at System.Text.Json.JsonSerializer.Write(Utf8JsonWriter writer, Int32 originalWriterDepth, Int32 flushThreshold, JsonSerializerOptions options, WriteStack& state)
   at System.Text.Json.JsonSerializer.WriteAsyncCore(Stream utf8Json, Object value, Type inputType, JsonSerializerOptions options, CancellationToken cancellationToken)
   at Microsoft.AspNetCore.Mvc.Infrastructure.SystemTextJsonResultExecutor.ExecuteAsync(ActionContext context, JsonResult result)
   at Microsoft.AspNetCore.Mvc.Infrastructure.SystemTextJsonResultExecutor.ExecuteAsync(ActionContext context, JsonResult result)
   at Microsoft.AspNetCore.Mvc.Infrastructure.ResourceInvoker.<InvokeNextResultFilterAsync>g__Awaited|29_0[TFilter,TFilterAsync](ResourceInvoker invoker, Task lastTask, State next, Scope scope, Object state, Boolean isCompleted)
   at Microsoft.AspNetCore.Mvc.Infrastructure.ResourceInvoker.Rethrow(ResultExecutedContextSealed context)
   at Microsoft.AspNetCore.Mvc.Infrastructure.ResourceInvoker.ResultNext[TFilter,TFilterAsync](State& next, Scope& scope, Object& state, Boolean& isCompleted)
   at Microsoft.AspNetCore.Mvc.Infrastructure.ResourceInvoker.InvokeResultFilters()
--- End of stack trace from previous location where exception was thrown ---
   at Microsoft.AspNetCore.Mvc.Infrastructure.ResourceInvoker.<InvokeFilterPipelineAsync>g__Awaited|19_0(ResourceInvoker invoker, Task lastTask, State next, Scope scope, Object state, Boolean isCompleted)
   at Microsoft.AspNetCore.Mvc.Infrastructure.ResourceInvoker.<InvokeAsync>g__Awaited|17_0(ResourceInvoker invoker, Task task, IDisposable scope)
   at Microsoft.AspNetCore.Routing.EndpointMiddleware.<Invoke>g__AwaitRequestTask|6_0(Endpoint endpoint, Task requestTask, ILogger logger)
   at Microsoft.AspNetCore.Authorization.AuthorizationMiddleware.Invoke(HttpContext context)
   at Microsoft.AspNetCore.Diagnostics.DeveloperExceptionPageMiddleware.Invoke(HttpContext context)
2020-11-10 22:44:21.1528| khurram |  | 1|ERROR|Microsoft.AspNetCore.Diagnostics.DeveloperExceptionPageMiddleware| Microsoft.AspNetCore.Diagnostics.DiagnosticsLoggerExtensions.UnhandledException | An unhandled exception has occurred while executing the request. System.Text.Json.JsonException: A possible object cycle was detected which is not supported. This can either be due to a cycle or if the object depth is larger than the maximum allowed depth of 32.
   at System.Text.Json.ThrowHelper.ThrowInvalidOperationException_SerializerCycleDetected(Int32 maxDepth)
   at System.Text.Json.JsonSerializer.Write(Utf8JsonWriter writer, Int32 originalWriterDepth, Int32 flushThreshold, JsonSerializerOptions options, WriteStack& state)
   at System.Text.Json.JsonSerializer.WriteAsyncCore(Stream utf8Json, Object value, Type inputType, JsonSerializerOptions options, CancellationToken cancellationToken)
   at Microsoft.AspNetCore.Mvc.Infrastructure.SystemTextJsonResultExecutor.ExecuteAsync(ActionContext context, JsonResult result)
   at Microsoft.AspNetCore.Mvc.Infrastructure.SystemTextJsonResultExecutor.ExecuteAsync(ActionContext context, JsonResult result)
   at Microsoft.AspNetCore.Mvc.Infrastructure.ResourceInvoker.<InvokeNextResultFilterAsync>g__Awaited|29_0[TFilter,TFilterAsync](ResourceInvoker invoker, Task lastTask, State next, Scope scope, Object state, Boolean isCompleted)
   at Microsoft.AspNetCore.Mvc.Infrastructure.ResourceInvoker.Rethrow(ResultExecutedContextSealed context)
   at Microsoft.AspNetCore.Mvc.Infrastructure.ResourceInvoker.ResultNext[TFilter,TFilterAsync](State& next, Scope& scope, Object& state, Boolean& isCompleted)
   at Microsoft.AspNetCore.Mvc.Infrastructure.ResourceInvoker.InvokeResultFilters()
--- End of stack trace from previous location where exception was thrown ---
   at Microsoft.AspNetCore.Mvc.Infrastructure.ResourceInvoker.<InvokeFilterPipelineAsync>g__Awaited|19_0(ResourceInvoker invoker, Task lastTask, State next, Scope scope, Object state, Boolean isCompleted)
   at Microsoft.AspNetCore.Mvc.Infrastructure.ResourceInvoker.<InvokeAsync>g__Awaited|17_0(ResourceInvoker invoker, Task task, IDisposable scope)
   at Microsoft.AspNetCore.Routing.EndpointMiddleware.<Invoke>g__AwaitRequestTask|6_0(Endpoint endpoint, Task requestTask, ILogger logger)
   at Microsoft.AspNetCore.Authorization.AuthorizationMiddleware.Invoke(HttpContext context)
   at Microsoft.AspNetCore.Diagnostics.DeveloperExceptionPageMiddleware.Invoke(HttpContext context)
2020-11-10 22:46:07.8658| khurram |  | |INFO|Microsoft.Hosting.Lifetime| Microsoft.Extensions.Hosting.Internal.ConsoleLifetime.OnApplicationStarted | Application started. Press Ctrl+C to shut down. 
2020-11-10 22:46:07.9031| khurram |  | |INFO|Microsoft.Hosting.Lifetime| Microsoft.Extensions.Hosting.Internal.ConsoleLifetime.OnApplicationStarted | Hosting environment: Development 
2020-11-10 22:46:07.9188| khurram |  | |INFO|Microsoft.Hosting.Lifetime| Microsoft.Extensions.Hosting.Internal.ConsoleLifetime.OnApplicationStarted | Content root path: D:\MyDevelopment\A1_InterviewTests\EagleEyes -Khurram\MyAppSolution_Khurram\App.WebServices 
2020-11-10 22:48:05.0768| khurram |  | |INFO|Microsoft.Hosting.Lifetime| Microsoft.Extensions.Hosting.Internal.ConsoleLifetime.OnApplicationStarted | Application started. Press Ctrl+C to shut down. 
2020-11-10 22:48:05.1090| khurram |  | |INFO|Microsoft.Hosting.Lifetime| Microsoft.Extensions.Hosting.Internal.ConsoleLifetime.OnApplicationStarted | Hosting environment: Development 
2020-11-10 22:48:05.1215| khurram |  | |INFO|Microsoft.Hosting.Lifetime| Microsoft.Extensions.Hosting.Internal.ConsoleLifetime.OnApplicationStarted | Content root path: D:\MyDevelopment\A1_InterviewTests\EagleEyes -Khurram\MyAppSolution_Khurram\App.WebServices 
2020-11-10 22:49:26.0473| khurram |  | 1|ERROR|Microsoft.AspNetCore.Diagnostics.DeveloperExceptionPageMiddleware| Microsoft.AspNetCore.Diagnostics.DiagnosticsLoggerExtensions.UnhandledException | An unhandled exception has occurred while executing the request. System.Text.Json.JsonException: A possible object cycle was detected which is not supported. This can either be due to a cycle or if the object depth is larger than the maximum allowed depth of 32.
   at System.Text.Json.ThrowHelper.ThrowInvalidOperationException_SerializerCycleDetected(Int32 maxDepth)
   at System.Text.Json.JsonSerializer.Write(Utf8JsonWriter writer, Int32 originalWriterDepth, Int32 flushThreshold, JsonSerializerOptions options, WriteStack& state)
   at System.Text.Json.JsonSerializer.WriteAsyncCore(Stream utf8Json, Object value, Type inputType, JsonSerializerOptions options, CancellationToken cancellationToken)
   at Microsoft.AspNetCore.Mvc.Infrastructure.SystemTextJsonResultExecutor.ExecuteAsync(ActionContext context, JsonResult result)
   at Microsoft.AspNetCore.Mvc.Infrastructure.SystemTextJsonResultExecutor.ExecuteAsync(ActionContext context, JsonResult result)
   at Microsoft.AspNetCore.Mvc.Infrastructure.ResourceInvoker.<InvokeNextResultFilterAsync>g__Awaited|29_0[TFilter,TFilterAsync](ResourceInvoker invoker, Task lastTask, State next, Scope scope, Object state, Boolean isCompleted)
   at Microsoft.AspNetCore.Mvc.Infrastructure.ResourceInvoker.Rethrow(ResultExecutedContextSealed context)
   at Microsoft.AspNetCore.Mvc.Infrastructure.ResourceInvoker.ResultNext[TFilter,TFilterAsync](State& next, Scope& scope, Object& state, Boolean& isCompleted)
   at Microsoft.AspNetCore.Mvc.Infrastructure.ResourceInvoker.InvokeResultFilters()
--- End of stack trace from previous location where exception was thrown ---
   at Microsoft.AspNetCore.Mvc.Infrastructure.ResourceInvoker.<InvokeFilterPipelineAsync>g__Awaited|19_0(ResourceInvoker invoker, Task lastTask, State next, Scope scope, Object state, Boolean isCompleted)
   at Microsoft.AspNetCore.Mvc.Infrastructure.ResourceInvoker.<InvokeAsync>g__Awaited|17_0(ResourceInvoker invoker, Task task, IDisposable scope)
   at Microsoft.AspNetCore.Routing.EndpointMiddleware.<Invoke>g__AwaitRequestTask|6_0(Endpoint endpoint, Task requestTask, ILogger logger)
   at Microsoft.AspNetCore.Authorization.AuthorizationMiddleware.Invoke(HttpContext context)
   at Microsoft.AspNetCore.Diagnostics.DeveloperExceptionPageMiddleware.Invoke(HttpContext context)
2020-11-10 23:00:58.5318| khurram |  | |INFO|Microsoft.Hosting.Lifetime| Microsoft.Extensions.Hosting.Internal.ConsoleLifetime.OnApplicationStarted | Application started. Press Ctrl+C to shut down. 
2020-11-10 23:00:58.5637| khurram |  | |INFO|Microsoft.Hosting.Lifetime| Microsoft.Extensions.Hosting.Internal.ConsoleLifetime.OnApplicationStarted | Hosting environment: Development 
2020-11-10 23:00:58.5750| khurram |  | |INFO|Microsoft.Hosting.Lifetime| Microsoft.Extensions.Hosting.Internal.ConsoleLifetime.OnApplicationStarted | Content root path: D:\MyDevelopment\A1_InterviewTests\EagleEyes -Khurram\MyAppSolution_Khurram\App.WebServices 
2020-11-10 23:02:57.0098| khurram |  | |INFO|Microsoft.Hosting.Lifetime| Microsoft.Extensions.Hosting.Internal.ConsoleLifetime.OnApplicationStarted | Application started. Press Ctrl+C to shut down. 
2020-11-10 23:02:57.0435| khurram |  | |INFO|Microsoft.Hosting.Lifetime| Microsoft.Extensions.Hosting.Internal.ConsoleLifetime.OnApplicationStarted | Hosting environment: Development 
2020-11-10 23:02:57.0590| khurram |  | |INFO|Microsoft.Hosting.Lifetime| Microsoft.Extensions.Hosting.Internal.ConsoleLifetime.OnApplicationStarted | Content root path: D:\MyDevelopment\A1_InterviewTests\EagleEyes -Khurram\MyAppSolution_Khurram\App.WebServices 
2020-11-10 23:07:07.2421| khurram |  | |INFO|Microsoft.Hosting.Lifetime| Microsoft.Extensions.Hosting.Internal.ConsoleLifetime.OnApplicationStarted | Application started. Press Ctrl+C to shut down. 
2020-11-10 23:07:07.2812| khurram |  | |INFO|Microsoft.Hosting.Lifetime| Microsoft.Extensions.Hosting.Internal.ConsoleLifetime.OnApplicationStarted | Hosting environment: Development 
2020-11-10 23:07:07.2812| khurram |  | |INFO|Microsoft.Hosting.Lifetime| Microsoft.Extensions.Hosting.Internal.ConsoleLifetime.OnApplicationStarted | Content root path: D:\MyDevelopment\A1_InterviewTests\EagleEyes -Khurram\MyAppSolution_Khurram\App.WebServices 
2020-11-10 23:32:06.7357| khurram |  | |INFO|Microsoft.Hosting.Lifetime| Microsoft.Extensions.Hosting.Internal.ConsoleLifetime.OnApplicationStarted | Application started. Press Ctrl+C to shut down. 
2020-11-10 23:32:06.7817| khurram |  | |INFO|Microsoft.Hosting.Lifetime| Microsoft.Extensions.Hosting.Internal.ConsoleLifetime.OnApplicationStarted | Hosting environment: Development 
2020-11-10 23:32:06.7817| khurram |  | |INFO|Microsoft.Hosting.Lifetime| Microsoft.Extensions.Hosting.Internal.ConsoleLifetime.OnApplicationStarted | Content root path: D:\MyDevelopment\A1_InterviewTests\EagleEyes -Khurram\MyAppSolution_Khurram\App.WebServices 
2020-11-10 23:36:19.4994| khurram |  | |INFO|Microsoft.Hosting.Lifetime| Microsoft.Extensions.Hosting.Internal.ConsoleLifetime.OnApplicationStarted | Application started. Press Ctrl+C to shut down. 
2020-11-10 23:36:19.5425| khurram |  | |INFO|Microsoft.Hosting.Lifetime| Microsoft.Extensions.Hosting.Internal.ConsoleLifetime.OnApplicationStarted | Hosting environment: Development 
2020-11-10 23:36:19.5648| khurram |  | |INFO|Microsoft.Hosting.Lifetime| Microsoft.Extensions.Hosting.Internal.ConsoleLifetime.OnApplicationStarted | Content root path: D:\MyDevelopment\A1_InterviewTests\EagleEyes -Khurram\MyAppSolution_Khurram\App.WebServices 
2020-11-10 23:39:21.6498| khurram |  | |INFO|Microsoft.Hosting.Lifetime| Microsoft.Extensions.Hosting.Internal.ConsoleLifetime.OnApplicationStarted | Application started. Press Ctrl+C to shut down. 
2020-11-10 23:39:21.6859| khurram |  | |INFO|Microsoft.Hosting.Lifetime| Microsoft.Extensions.Hosting.Internal.ConsoleLifetime.OnApplicationStarted | Hosting environment: Development 
2020-11-10 23:39:21.7007| khurram |  | |INFO|Microsoft.Hosting.Lifetime| Microsoft.Extensions.Hosting.Internal.ConsoleLifetime.OnApplicationStarted | Content root path: D:\MyDevelopment\A1_InterviewTests\EagleEyes -Khurram\MyAppSolution_Khurram\App.WebServices 
2020-11-10 23:52:58.6211| khurram |  | |INFO|Microsoft.Hosting.Lifetime| Microsoft.Extensions.Hosting.Internal.ConsoleLifetime.OnApplicationStarted | Application started. Press Ctrl+C to shut down. 
2020-11-10 23:52:58.6526| khurram |  | |INFO|Microsoft.Hosting.Lifetime| Microsoft.Extensions.Hosting.Internal.ConsoleLifetime.OnApplicationStarted | Hosting environment: Development 
2020-11-10 23:52:58.6712| khurram |  | |INFO|Microsoft.Hosting.Lifetime| Microsoft.Extensions.Hosting.Internal.ConsoleLifetime.OnApplicationStarted | Content root path: D:\MyDevelopment\A1_InterviewTests\EagleEyes -Khurram\MyAppSolution_Khurram\App.WebServices 
