2020-11-11 08:22:17.3800| khurram |  | |INFO|Microsoft.Hosting.Lifetime| Microsoft.Extensions.Hosting.Internal.ConsoleLifetime.OnApplicationStarted | Application started. Press Ctrl+C to shut down. 
2020-11-11 08:22:17.4360| khurram |  | |INFO|Microsoft.Hosting.Lifetime| Microsoft.Extensions.Hosting.Internal.ConsoleLifetime.OnApplicationStarted | Hosting environment: Development 
2020-11-11 08:22:17.4678| khurram |  | |INFO|Microsoft.Hosting.Lifetime| Microsoft.Extensions.Hosting.Internal.ConsoleLifetime.OnApplicationStarted | Content root path: D:\MyDevelopment\A1_InterviewTests\EagleEyes -Khurram\MyAppSolution_Khurram\App.WebServices 
2020-11-11 08:27:25.7105| khurram |  | |INFO|Microsoft.Hosting.Lifetime| Microsoft.Extensions.Hosting.Internal.ConsoleLifetime.OnApplicationStarted | Application started. Press Ctrl+C to shut down. 
2020-11-11 08:27:25.7620| khurram |  | |INFO|Microsoft.Hosting.Lifetime| Microsoft.Extensions.Hosting.Internal.ConsoleLifetime.OnApplicationStarted | Hosting environment: Development 
2020-11-11 08:27:25.7620| khurram |  | |INFO|Microsoft.Hosting.Lifetime| Microsoft.Extensions.Hosting.Internal.ConsoleLifetime.OnApplicationStarted | Content root path: D:\MyDevelopment\A1_InterviewTests\EagleEyes -Khurram\MyAppSolution_Khurram\App.WebServices 
2020-11-11 08:30:02.3899| khurram |  | |INFO|Microsoft.Hosting.Lifetime| Microsoft.Extensions.Hosting.Internal.ConsoleLifetime.OnApplicationStarted | Application started. Press Ctrl+C to shut down. 
2020-11-11 08:30:02.4341| khurram |  | |INFO|Microsoft.Hosting.Lifetime| Microsoft.Extensions.Hosting.Internal.ConsoleLifetime.OnApplicationStarted | Hosting environment: Development 
2020-11-11 08:30:02.4481| khurram |  | |INFO|Microsoft.Hosting.Lifetime| Microsoft.Extensions.Hosting.Internal.ConsoleLifetime.OnApplicationStarted | Content root path: D:\MyDevelopment\A1_InterviewTests\EagleEyes -Khurram\MyAppSolution_Khurram\App.WebServices 
2020-11-11 08:33:41.0764| khurram |  | |INFO|Microsoft.Hosting.Lifetime| Microsoft.Extensions.Hosting.Internal.ConsoleLifetime.OnApplicationStarted | Application started. Press Ctrl+C to shut down. 
2020-11-11 08:33:41.1210| khurram |  | |INFO|Microsoft.Hosting.Lifetime| Microsoft.Extensions.Hosting.Internal.ConsoleLifetime.OnApplicationStarted | Hosting environment: Development 
2020-11-11 08:33:41.1357| khurram |  | |INFO|Microsoft.Hosting.Lifetime| Microsoft.Extensions.Hosting.Internal.ConsoleLifetime.OnApplicationStarted | Content root path: D:\MyDevelopment\A1_InterviewTests\EagleEyes -Khurram\MyAppSolution_Khurram\App.WebServices 
2020-11-11 08:35:57.2545| khurram |  | |INFO|Microsoft.Hosting.Lifetime| Microsoft.Extensions.Hosting.Internal.ConsoleLifetime.OnApplicationStarted | Application started. Press Ctrl+C to shut down. 
2020-11-11 08:35:57.2966| khurram |  | |INFO|Microsoft.Hosting.Lifetime| Microsoft.Extensions.Hosting.Internal.ConsoleLifetime.OnApplicationStarted | Hosting environment: Development 
2020-11-11 08:35:57.3078| khurram |  | |INFO|Microsoft.Hosting.Lifetime| Microsoft.Extensions.Hosting.Internal.ConsoleLifetime.OnApplicationStarted | Content root path: D:\MyDevelopment\A1_InterviewTests\EagleEyes -Khurram\MyAppSolution_Khurram\App.WebServices 
2020-11-11 08:39:05.4473| khurram |  | |INFO|Microsoft.Hosting.Lifetime| Microsoft.Extensions.Hosting.Internal.ConsoleLifetime.OnApplicationStarted | Application started. Press Ctrl+C to shut down. 
2020-11-11 08:39:05.4856| khurram |  | |INFO|Microsoft.Hosting.Lifetime| Microsoft.Extensions.Hosting.Internal.ConsoleLifetime.OnApplicationStarted | Hosting environment: Development 
2020-11-11 08:39:05.4942| khurram |  | |INFO|Microsoft.Hosting.Lifetime| Microsoft.Extensions.Hosting.Internal.ConsoleLifetime.OnApplicationStarted | Content root path: D:\MyDevelopment\A1_InterviewTests\EagleEyes -Khurram\MyAppSolution_Khurram\App.WebServices 
2020-11-11 09:44:09.2089| khurram |  | |INFO|Microsoft.Hosting.Lifetime| Microsoft.Extensions.Hosting.Internal.ConsoleLifetime.OnApplicationStarted | Application started. Press Ctrl+C to shut down. 
2020-11-11 09:44:09.3086| khurram |  | |INFO|Microsoft.Hosting.Lifetime| Microsoft.Extensions.Hosting.Internal.ConsoleLifetime.OnApplicationStarted | Hosting environment: Development 
2020-11-11 09:44:09.3086| khurram |  | |INFO|Microsoft.Hosting.Lifetime| Microsoft.Extensions.Hosting.Internal.ConsoleLifetime.OnApplicationStarted | Content root path: D:\MyDevelopment\A1_InterviewTests\EagleEyes -Khurram\MyAppSolution_Khurram\App.WebServices 
2020-11-11 09:46:13.7684| khurram |  | |INFO|Microsoft.Hosting.Lifetime| Microsoft.Extensions.Hosting.Internal.ConsoleLifetime.OnApplicationStarted | Application started. Press Ctrl+C to shut down. 
2020-11-11 09:46:13.8240| khurram |  | |INFO|Microsoft.Hosting.Lifetime| Microsoft.Extensions.Hosting.Internal.ConsoleLifetime.OnApplicationStarted | Hosting environment: Development 
2020-11-11 09:46:13.8240| khurram |  | |INFO|Microsoft.Hosting.Lifetime| Microsoft.Extensions.Hosting.Internal.ConsoleLifetime.OnApplicationStarted | Content root path: D:\MyDevelopment\A1_InterviewTests\EagleEyes -Khurram\MyAppSolution_Khurram\App.WebServices 
2020-11-11 09:48:20.6782| khurram |  | |INFO|Microsoft.Hosting.Lifetime| Microsoft.Extensions.Hosting.Internal.ConsoleLifetime.OnApplicationStarted | Application started. Press Ctrl+C to shut down. 
2020-11-11 09:48:20.7180| khurram |  | |INFO|Microsoft.Hosting.Lifetime| Microsoft.Extensions.Hosting.Internal.ConsoleLifetime.OnApplicationStarted | Hosting environment: Development 
2020-11-11 09:48:20.7321| khurram |  | |INFO|Microsoft.Hosting.Lifetime| Microsoft.Extensions.Hosting.Internal.ConsoleLifetime.OnApplicationStarted | Content root path: D:\MyDevelopment\A1_InterviewTests\EagleEyes -Khurram\MyAppSolution_Khurram\App.WebServices 
2020-11-11 09:53:02.5929| khurram |  | |INFO|Microsoft.Hosting.Lifetime| Microsoft.Extensions.Hosting.Internal.ConsoleLifetime.OnApplicationStarted | Application started. Press Ctrl+C to shut down. 
2020-11-11 09:53:02.6273| khurram |  | |INFO|Microsoft.Hosting.Lifetime| Microsoft.Extensions.Hosting.Internal.ConsoleLifetime.OnApplicationStarted | Hosting environment: Development 
2020-11-11 09:53:02.6362| khurram |  | |INFO|Microsoft.Hosting.Lifetime| Microsoft.Extensions.Hosting.Internal.ConsoleLifetime.OnApplicationStarted | Content root path: D:\MyDevelopment\A1_InterviewTests\EagleEyes -Khurram\MyAppSolution_Khurram\App.WebServices 
2020-11-11 09:54:41.2872| khurram |  | |INFO|Microsoft.Hosting.Lifetime| Microsoft.Extensions.Hosting.Internal.ConsoleLifetime.OnApplicationStarted | Application started. Press Ctrl+C to shut down. 
2020-11-11 09:54:41.3255| khurram |  | |INFO|Microsoft.Hosting.Lifetime| Microsoft.Extensions.Hosting.Internal.ConsoleLifetime.OnApplicationStarted | Hosting environment: Development 
2020-11-11 09:54:41.3404| khurram |  | |INFO|Microsoft.Hosting.Lifetime| Microsoft.Extensions.Hosting.Internal.ConsoleLifetime.OnApplicationStarted | Content root path: D:\MyDevelopment\A1_InterviewTests\EagleEyes -Khurram\MyAppSolution_Khurram\App.WebServices 
2020-11-11 09:58:00.7486| khurram |  | |INFO|Microsoft.Hosting.Lifetime| Microsoft.Extensions.Hosting.Internal.ConsoleLifetime.OnApplicationStarted | Application started. Press Ctrl+C to shut down. 
2020-11-11 09:58:00.7812| khurram |  | |INFO|Microsoft.Hosting.Lifetime| Microsoft.Extensions.Hosting.Internal.ConsoleLifetime.OnApplicationStarted | Hosting environment: Development 
2020-11-11 09:58:00.7957| khurram |  | |INFO|Microsoft.Hosting.Lifetime| Microsoft.Extensions.Hosting.Internal.ConsoleLifetime.OnApplicationStarted | Content root path: D:\MyDevelopment\A1_InterviewTests\EagleEyes -Khurram\MyAppSolution_Khurram\App.WebServices 
2020-11-11 10:07:39.1365| khurram |  | |INFO|Microsoft.Hosting.Lifetime| Microsoft.Extensions.Hosting.Internal.ConsoleLifetime.OnApplicationStarted | Application started. Press Ctrl+C to shut down. 
2020-11-11 10:07:39.1693| khurram |  | |INFO|Microsoft.Hosting.Lifetime| Microsoft.Extensions.Hosting.Internal.ConsoleLifetime.OnApplicationStarted | Hosting environment: Development 
2020-11-11 10:07:39.1830| khurram |  | |INFO|Microsoft.Hosting.Lifetime| Microsoft.Extensions.Hosting.Internal.ConsoleLifetime.OnApplicationStarted | Content root path: D:\MyDevelopment\A1_InterviewTests\EagleEyes -Khurram\MyAppSolution_Khurram\App.WebServices 
2020-11-11 10:10:11.5528| khurram |  | |INFO|Microsoft.Hosting.Lifetime| Microsoft.Extensions.Hosting.Internal.ConsoleLifetime.OnApplicationStarted | Application started. Press Ctrl+C to shut down. 
2020-11-11 10:10:11.5901| khurram |  | |INFO|Microsoft.Hosting.Lifetime| Microsoft.Extensions.Hosting.Internal.ConsoleLifetime.OnApplicationStarted | Hosting environment: Development 
2020-11-11 10:10:11.5901| khurram |  | |INFO|Microsoft.Hosting.Lifetime| Microsoft.Extensions.Hosting.Internal.ConsoleLifetime.OnApplicationStarted | Content root path: D:\MyDevelopment\A1_InterviewTests\EagleEyes -Khurram\MyAppSolution_Khurram\App.WebServices 
2020-11-11 10:12:48.8528| khurram |  | |INFO|Microsoft.Hosting.Lifetime| Microsoft.Extensions.Hosting.Internal.ConsoleLifetime.OnApplicationStarted | Application started. Press Ctrl+C to shut down. 
2020-11-11 10:12:48.9068| khurram |  | |INFO|Microsoft.Hosting.Lifetime| Microsoft.Extensions.Hosting.Internal.ConsoleLifetime.OnApplicationStarted | Hosting environment: Development 
2020-11-11 10:12:48.9176| khurram |  | |INFO|Microsoft.Hosting.Lifetime| Microsoft.Extensions.Hosting.Internal.ConsoleLifetime.OnApplicationStarted | Content root path: D:\MyDevelopment\A1_InterviewTests\EagleEyes -Khurram\MyAppSolution_Khurram\App.WebServices 
2020-11-11 10:42:51.0543| khurram |  | |INFO|Microsoft.Hosting.Lifetime| Microsoft.Extensions.Hosting.Internal.ConsoleLifetime.OnApplicationStarted | Application started. Press Ctrl+C to shut down. 
2020-11-11 10:42:51.1336| khurram |  | |INFO|Microsoft.Hosting.Lifetime| Microsoft.Extensions.Hosting.Internal.ConsoleLifetime.OnApplicationStarted | Hosting environment: Development 
2020-11-11 10:42:51.1425| khurram |  | |INFO|Microsoft.Hosting.Lifetime| Microsoft.Extensions.Hosting.Internal.ConsoleLifetime.OnApplicationStarted | Content root path: D:\MyDevelopment\A1_InterviewTests\EagleEyes -Khurram\MyAppSolution_Khurram\App.WebServices 
2020-11-11 10:44:49.4116| khurram |  | |INFO|Microsoft.Hosting.Lifetime| Microsoft.Extensions.Hosting.Internal.ConsoleLifetime.OnApplicationStarted | Application started. Press Ctrl+C to shut down. 
2020-11-11 10:44:49.4474| khurram |  | |INFO|Microsoft.Hosting.Lifetime| Microsoft.Extensions.Hosting.Internal.ConsoleLifetime.OnApplicationStarted | Hosting environment: Development 
2020-11-11 10:44:49.4645| khurram |  | |INFO|Microsoft.Hosting.Lifetime| Microsoft.Extensions.Hosting.Internal.ConsoleLifetime.OnApplicationStarted | Content root path: D:\MyDevelopment\A1_InterviewTests\EagleEyes -Khurram\MyAppSolution_Khurram\App.WebServices 
2020-11-11 10:48:00.9833| khurram |  | |INFO|Microsoft.Hosting.Lifetime| Microsoft.Extensions.Hosting.Internal.ConsoleLifetime.OnApplicationStarted | Application started. Press Ctrl+C to shut down. 
2020-11-11 10:48:01.0137| khurram |  | |INFO|Microsoft.Hosting.Lifetime| Microsoft.Extensions.Hosting.Internal.ConsoleLifetime.OnApplicationStarted | Hosting environment: Development 
2020-11-11 10:48:01.0257| khurram |  | |INFO|Microsoft.Hosting.Lifetime| Microsoft.Extensions.Hosting.Internal.ConsoleLifetime.OnApplicationStarted | Content root path: D:\MyDevelopment\A1_InterviewTests\EagleEyes -Khurram\MyAppSolution_Khurram\App.WebServices 
2020-11-11 10:48:12.7649| khurram |  | 1|ERROR|Microsoft.AspNetCore.Diagnostics.DeveloperExceptionPageMiddleware| Microsoft.AspNetCore.Diagnostics.DiagnosticsLoggerExtensions.UnhandledException | An unhandled exception has occurred while executing the request. System.Text.Json.JsonException: A possible object cycle was detected which is not supported. This can either be due to a cycle or if the object depth is larger than the maximum allowed depth of 32.
   at System.Text.Json.ThrowHelper.ThrowInvalidOperationException_SerializerCycleDetected(Int32 maxDepth)
   at System.Text.Json.JsonSerializer.Write(Utf8JsonWriter writer, Int32 originalWriterDepth, Int32 flushThreshold, JsonSerializerOptions options, WriteStack& state)
   at System.Text.Json.JsonSerializer.WriteAsyncCore(Stream utf8Json, Object value, Type inputType, JsonSerializerOptions options, CancellationToken cancellationToken)
   at Microsoft.AspNetCore.Mvc.Infrastructure.SystemTextJsonResultExecutor.ExecuteAsync(ActionContext context, JsonResult result)
   at Microsoft.AspNetCore.Mvc.Infrastructure.SystemTextJsonResultExecutor.ExecuteAsync(ActionContext context, JsonResult result)
   at Microsoft.AspNetCore.Mvc.Infrastructure.ResourceInvoker.<InvokeNextResultFilterAsync>g__Awaited|29_0[TFilter,TFilterAsync](ResourceInvoker invoker, Task lastTask, State next, Scope scope, Object state, Boolean isCompleted)
   at Microsoft.AspNetCore.Mvc.Infrastructure.ResourceInvoker.Rethrow(ResultExecutedContextSealed context)
   at Microsoft.AspNetCore.Mvc.Infrastructure.ResourceInvoker.ResultNext[TFilter,TFilterAsync](State& next, Scope& scope, Object& state, Boolean& isCompleted)
   at Microsoft.AspNetCore.Mvc.Infrastructure.ResourceInvoker.InvokeResultFilters()
--- End of stack trace from previous location where exception was thrown ---
   at Microsoft.AspNetCore.Mvc.Infrastructure.ResourceInvoker.<InvokeFilterPipelineAsync>g__Awaited|19_0(ResourceInvoker invoker, Task lastTask, State next, Scope scope, Object state, Boolean isCompleted)
   at Microsoft.AspNetCore.Mvc.Infrastructure.ResourceInvoker.<InvokeAsync>g__Awaited|17_0(ResourceInvoker invoker, Task task, IDisposable scope)
   at Microsoft.AspNetCore.Routing.EndpointMiddleware.<Invoke>g__AwaitRequestTask|6_0(Endpoint endpoint, Task requestTask, ILogger logger)
   at Microsoft.AspNetCore.Authorization.AuthorizationMiddleware.Invoke(HttpContext context)
   at Microsoft.AspNetCore.Diagnostics.DeveloperExceptionPageMiddleware.Invoke(HttpContext context)
2020-11-11 10:54:07.1850| khurram |  | |INFO|Microsoft.Hosting.Lifetime| Microsoft.Extensions.Hosting.Internal.ConsoleLifetime.OnApplicationStarted | Application started. Press Ctrl+C to shut down. 
2020-11-11 10:54:07.2302| khurram |  | |INFO|Microsoft.Hosting.Lifetime| Microsoft.Extensions.Hosting.Internal.ConsoleLifetime.OnApplicationStarted | Hosting environment: Development 
2020-11-11 10:54:07.2302| khurram |  | |INFO|Microsoft.Hosting.Lifetime| Microsoft.Extensions.Hosting.Internal.ConsoleLifetime.OnApplicationStarted | Content root path: D:\MyDevelopment\A1_InterviewTests\EagleEyes -Khurram\MyAppSolution_Khurram\App.WebServices 
2020-11-11 10:54:18.5575| khurram |  | 1|ERROR|Microsoft.AspNetCore.Diagnostics.DeveloperExceptionPageMiddleware| Microsoft.AspNetCore.Diagnostics.DiagnosticsLoggerExtensions.UnhandledException | An unhandled exception has occurred while executing the request. System.Text.Json.JsonException: A possible object cycle was detected which is not supported. This can either be due to a cycle or if the object depth is larger than the maximum allowed depth of 32.
   at System.Text.Json.ThrowHelper.ThrowInvalidOperationException_SerializerCycleDetected(Int32 maxDepth)
   at System.Text.Json.JsonSerializer.Write(Utf8JsonWriter writer, Int32 originalWriterDepth, Int32 flushThreshold, JsonSerializerOptions options, WriteStack& state)
   at System.Text.Json.JsonSerializer.WriteAsyncCore(Stream utf8Json, Object value, Type inputType, JsonSerializerOptions options, CancellationToken cancellationToken)
   at Microsoft.AspNetCore.Mvc.Infrastructure.SystemTextJsonResultExecutor.ExecuteAsync(ActionContext context, JsonResult result)
   at Microsoft.AspNetCore.Mvc.Infrastructure.SystemTextJsonResultExecutor.ExecuteAsync(ActionContext context, JsonResult result)
   at Microsoft.AspNetCore.Mvc.Infrastructure.ResourceInvoker.<InvokeNextResultFilterAsync>g__Awaited|29_0[TFilter,TFilterAsync](ResourceInvoker invoker, Task lastTask, State next, Scope scope, Object state, Boolean isCompleted)
   at Microsoft.AspNetCore.Mvc.Infrastructure.ResourceInvoker.Rethrow(ResultExecutedContextSealed context)
   at Microsoft.AspNetCore.Mvc.Infrastructure.ResourceInvoker.ResultNext[TFilter,TFilterAsync](State& next, Scope& scope, Object& state, Boolean& isCompleted)
   at Microsoft.AspNetCore.Mvc.Infrastructure.ResourceInvoker.InvokeResultFilters()
--- End of stack trace from previous location where exception was thrown ---
   at Microsoft.AspNetCore.Mvc.Infrastructure.ResourceInvoker.<InvokeFilterPipelineAsync>g__Awaited|19_0(ResourceInvoker invoker, Task lastTask, State next, Scope scope, Object state, Boolean isCompleted)
   at Microsoft.AspNetCore.Mvc.Infrastructure.ResourceInvoker.<InvokeAsync>g__Awaited|17_0(ResourceInvoker invoker, Task task, IDisposable scope)
   at Microsoft.AspNetCore.Routing.EndpointMiddleware.<Invoke>g__AwaitRequestTask|6_0(Endpoint endpoint, Task requestTask, ILogger logger)
   at Microsoft.AspNetCore.Authorization.AuthorizationMiddleware.Invoke(HttpContext context)
   at Microsoft.AspNetCore.Diagnostics.DeveloperExceptionPageMiddleware.Invoke(HttpContext context)
2020-11-11 11:41:08.8829| khurram |  | |INFO|Microsoft.Hosting.Lifetime| Microsoft.Extensions.Hosting.Internal.ConsoleLifetime.OnApplicationStarted | Application started. Press Ctrl+C to shut down. 
2020-11-11 11:41:08.9254| khurram |  | |INFO|Microsoft.Hosting.Lifetime| Microsoft.Extensions.Hosting.Internal.ConsoleLifetime.OnApplicationStarted | Hosting environment: Development 
2020-11-11 11:41:08.9254| khurram |  | |INFO|Microsoft.Hosting.Lifetime| Microsoft.Extensions.Hosting.Internal.ConsoleLifetime.OnApplicationStarted | Content root path: D:\MyDevelopment\A1_InterviewTests\EagleEyes -Khurram\MyAppSolution_Khurram\App.WebServices 
2020-11-11 11:42:34.4357| khurram |  | |INFO|Microsoft.Hosting.Lifetime| Microsoft.Extensions.Hosting.Internal.ConsoleLifetime.OnApplicationStarted | Application started. Press Ctrl+C to shut down. 
2020-11-11 11:42:34.4745| khurram |  | |INFO|Microsoft.Hosting.Lifetime| Microsoft.Extensions.Hosting.Internal.ConsoleLifetime.OnApplicationStarted | Hosting environment: Development 
2020-11-11 11:42:34.4745| khurram |  | |INFO|Microsoft.Hosting.Lifetime| Microsoft.Extensions.Hosting.Internal.ConsoleLifetime.OnApplicationStarted | Content root path: D:\MyDevelopment\A1_InterviewTests\EagleEyes -Khurram\MyAppSolution_Khurram\App.WebServices 
2020-11-11 11:44:21.4626| khurram |  | |INFO|Microsoft.Hosting.Lifetime| Microsoft.Extensions.Hosting.Internal.ConsoleLifetime.OnApplicationStarted | Application started. Press Ctrl+C to shut down. 
2020-11-11 11:44:21.5033| khurram |  | |INFO|Microsoft.Hosting.Lifetime| Microsoft.Extensions.Hosting.Internal.ConsoleLifetime.OnApplicationStarted | Hosting environment: Development 
2020-11-11 11:44:21.5033| khurram |  | |INFO|Microsoft.Hosting.Lifetime| Microsoft.Extensions.Hosting.Internal.ConsoleLifetime.OnApplicationStarted | Content root path: D:\MyDevelopment\A1_InterviewTests\EagleEyes -Khurram\MyAppSolution_Khurram\App.WebServices 
2020-11-11 11:45:44.6133| khurram |  | |INFO|Microsoft.Hosting.Lifetime| Microsoft.Extensions.Hosting.Internal.ConsoleLifetime.OnApplicationStarted | Application started. Press Ctrl+C to shut down. 
2020-11-11 11:45:44.6614| khurram |  | |INFO|Microsoft.Hosting.Lifetime| Microsoft.Extensions.Hosting.Internal.ConsoleLifetime.OnApplicationStarted | Hosting environment: Development 
2020-11-11 11:45:44.6614| khurram |  | |INFO|Microsoft.Hosting.Lifetime| Microsoft.Extensions.Hosting.Internal.ConsoleLifetime.OnApplicationStarted | Content root path: D:\MyDevelopment\A1_InterviewTests\EagleEyes -Khurram\MyAppSolution_Khurram\App.WebServices 
2020-11-11 12:08:31.6352| khurram |  | |INFO|Microsoft.Hosting.Lifetime| Microsoft.Extensions.Hosting.Internal.ConsoleLifetime.OnApplicationStarted | Application started. Press Ctrl+C to shut down. 
2020-11-11 12:08:31.6766| khurram |  | |INFO|Microsoft.Hosting.Lifetime| Microsoft.Extensions.Hosting.Internal.ConsoleLifetime.OnApplicationStarted | Hosting environment: Development 
2020-11-11 12:08:31.6766| khurram |  | |INFO|Microsoft.Hosting.Lifetime| Microsoft.Extensions.Hosting.Internal.ConsoleLifetime.OnApplicationStarted | Content root path: D:\MyDevelopment\A1_InterviewTests\EagleEyes -Khurram\MyAppSolution_Khurram\App.WebServices 
2020-11-11 12:10:06.1806| khurram |  | |INFO|Microsoft.Hosting.Lifetime| Microsoft.Extensions.Hosting.Internal.ConsoleLifetime.OnApplicationStarted | Application started. Press Ctrl+C to shut down. 
2020-11-11 12:10:06.2103| khurram |  | |INFO|Microsoft.Hosting.Lifetime| Microsoft.Extensions.Hosting.Internal.ConsoleLifetime.OnApplicationStarted | Hosting environment: Development 
2020-11-11 12:10:06.2223| khurram |  | |INFO|Microsoft.Hosting.Lifetime| Microsoft.Extensions.Hosting.Internal.ConsoleLifetime.OnApplicationStarted | Content root path: D:\MyDevelopment\A1_InterviewTests\EagleEyes -Khurram\MyAppSolution_Khurram\App.WebServices 
2020-11-11 12:14:09.7519| khurram |  | |INFO|Microsoft.Hosting.Lifetime| Microsoft.Extensions.Hosting.Internal.ConsoleLifetime.OnApplicationStarted | Application started. Press Ctrl+C to shut down. 
2020-11-11 12:14:09.7846| khurram |  | |INFO|Microsoft.Hosting.Lifetime| Microsoft.Extensions.Hosting.Internal.ConsoleLifetime.OnApplicationStarted | Hosting environment: Development 
2020-11-11 12:14:09.8014| khurram |  | |INFO|Microsoft.Hosting.Lifetime| Microsoft.Extensions.Hosting.Internal.ConsoleLifetime.OnApplicationStarted | Content root path: D:\MyDevelopment\A1_InterviewTests\EagleEyes -Khurram\MyAppSolution_Khurram\App.WebServices 
2020-11-11 13:04:27.5688| khurram |  | |INFO|Microsoft.Hosting.Lifetime| Microsoft.Extensions.Hosting.Internal.ConsoleLifetime.OnApplicationStarted | Application started. Press Ctrl+C to shut down. 
2020-11-11 13:04:27.6136| khurram |  | |INFO|Microsoft.Hosting.Lifetime| Microsoft.Extensions.Hosting.Internal.ConsoleLifetime.OnApplicationStarted | Hosting environment: Development 
2020-11-11 13:04:27.6136| khurram |  | |INFO|Microsoft.Hosting.Lifetime| Microsoft.Extensions.Hosting.Internal.ConsoleLifetime.OnApplicationStarted | Content root path: D:\MyDevelopment\A1_InterviewTests\EagleEyes -Khurram\MyAppSolution_Khurram\App.WebServices 
2020-11-11 13:21:10.0845| khurram |  | |INFO|Microsoft.Hosting.Lifetime| Microsoft.Extensions.Hosting.Internal.ConsoleLifetime.OnApplicationStarted | Application started. Press Ctrl+C to shut down. 
2020-11-11 13:21:10.1185| khurram |  | |INFO|Microsoft.Hosting.Lifetime| Microsoft.Extensions.Hosting.Internal.ConsoleLifetime.OnApplicationStarted | Hosting environment: Development 
2020-11-11 13:21:10.1346| khurram |  | |INFO|Microsoft.Hosting.Lifetime| Microsoft.Extensions.Hosting.Internal.ConsoleLifetime.OnApplicationStarted | Content root path: D:\MyDevelopment\A1_InterviewTests\EagleEyes -Khurram\MyAppSolution_Khurram\App.WebServices 
2020-11-11 13:28:33.0185| khurram |  | |INFO|Microsoft.Hosting.Lifetime| Microsoft.Extensions.Hosting.Internal.ConsoleLifetime.OnApplicationStarted | Application started. Press Ctrl+C to shut down. 
2020-11-11 13:28:33.0515| khurram |  | |INFO|Microsoft.Hosting.Lifetime| Microsoft.Extensions.Hosting.Internal.ConsoleLifetime.OnApplicationStarted | Hosting environment: Development 
2020-11-11 13:28:33.0655| khurram |  | |INFO|Microsoft.Hosting.Lifetime| Microsoft.Extensions.Hosting.Internal.ConsoleLifetime.OnApplicationStarted | Content root path: D:\MyDevelopment\A1_InterviewTests\EagleEyes -Khurram\MyAppSolution_Khurram\App.WebServices 
2020-11-11 13:29:26.7307| khurram |  | |INFO|Microsoft.Hosting.Lifetime| Microsoft.Extensions.Hosting.Internal.ConsoleLifetime.OnApplicationStarted | Application started. Press Ctrl+C to shut down. 
2020-11-11 13:29:26.7699| khurram |  | |INFO|Microsoft.Hosting.Lifetime| Microsoft.Extensions.Hosting.Internal.ConsoleLifetime.OnApplicationStarted | Hosting environment: Development 
2020-11-11 13:29:26.7699| khurram |  | |INFO|Microsoft.Hosting.Lifetime| Microsoft.Extensions.Hosting.Internal.ConsoleLifetime.OnApplicationStarted | Content root path: D:\MyDevelopment\A1_InterviewTests\EagleEyes -Khurram\MyAppSolution_Khurram\App.WebServices 
2020-11-11 13:30:40.8576| khurram |  | |INFO|Microsoft.Hosting.Lifetime| Microsoft.Extensions.Hosting.Internal.ConsoleLifetime.OnApplicationStarted | Application started. Press Ctrl+C to shut down. 
2020-11-11 13:30:40.8971| khurram |  | |INFO|Microsoft.Hosting.Lifetime| Microsoft.Extensions.Hosting.Internal.ConsoleLifetime.OnApplicationStarted | Hosting environment: Development 
2020-11-11 13:30:40.9098| khurram |  | |INFO|Microsoft.Hosting.Lifetime| Microsoft.Extensions.Hosting.Internal.ConsoleLifetime.OnApplicationStarted | Content root path: D:\MyDevelopment\A1_InterviewTests\EagleEyes -Khurram\MyAppSolution_Khurram\App.WebServices 
2020-11-11 13:38:44.1989| khurram |  | |INFO|Microsoft.Hosting.Lifetime| Microsoft.Extensions.Hosting.Internal.ConsoleLifetime.OnApplicationStarted | Application started. Press Ctrl+C to shut down. 
2020-11-11 13:38:44.2388| khurram |  | |INFO|Microsoft.Hosting.Lifetime| Microsoft.Extensions.Hosting.Internal.ConsoleLifetime.OnApplicationStarted | Hosting environment: Development 
2020-11-11 13:38:44.2530| khurram |  | |INFO|Microsoft.Hosting.Lifetime| Microsoft.Extensions.Hosting.Internal.ConsoleLifetime.OnApplicationStarted | Content root path: D:\MyDevelopment\A1_InterviewTests\EagleEyes -Khurram\MyAppSolution_Khurram\App.WebServices 
2020-11-11 13:41:05.4219| khurram |  | |INFO|Microsoft.Hosting.Lifetime| Microsoft.Extensions.Hosting.Internal.ConsoleLifetime.OnApplicationStarted | Application started. Press Ctrl+C to shut down. 
2020-11-11 13:41:05.4567| khurram |  | |INFO|Microsoft.Hosting.Lifetime| Microsoft.Extensions.Hosting.Internal.ConsoleLifetime.OnApplicationStarted | Hosting environment: Development 
2020-11-11 13:41:05.4718| khurram |  | |INFO|Microsoft.Hosting.Lifetime| Microsoft.Extensions.Hosting.Internal.ConsoleLifetime.OnApplicationStarted | Content root path: D:\MyDevelopment\A1_InterviewTests\EagleEyes -Khurram\MyAppSolution_Khurram\App.WebServices 
2020-11-11 13:45:10.5781| khurram |  | |INFO|Microsoft.Hosting.Lifetime| Microsoft.Extensions.Hosting.Internal.ConsoleLifetime.OnApplicationStarted | Application started. Press Ctrl+C to shut down. 
2020-11-11 13:45:10.6142| khurram |  | |INFO|Microsoft.Hosting.Lifetime| Microsoft.Extensions.Hosting.Internal.ConsoleLifetime.OnApplicationStarted | Hosting environment: Development 
2020-11-11 13:45:10.6285| khurram |  | |INFO|Microsoft.Hosting.Lifetime| Microsoft.Extensions.Hosting.Internal.ConsoleLifetime.OnApplicationStarted | Content root path: D:\MyDevelopment\A1_InterviewTests\EagleEyes -Khurram\MyAppSolution_Khurram\App.WebServices 
2020-11-11 13:49:55.4454| khurram |  | |INFO|Microsoft.Hosting.Lifetime| Microsoft.Extensions.Hosting.Internal.ConsoleLifetime.OnApplicationStarted | Application started. Press Ctrl+C to shut down. 
2020-11-11 13:49:55.4719| khurram |  | |INFO|Microsoft.Hosting.Lifetime| Microsoft.Extensions.Hosting.Internal.ConsoleLifetime.OnApplicationStarted | Hosting environment: Development 
2020-11-11 13:49:55.4889| khurram |  | |INFO|Microsoft.Hosting.Lifetime| Microsoft.Extensions.Hosting.Internal.ConsoleLifetime.OnApplicationStarted | Content root path: D:\MyDevelopment\A1_InterviewTests\EagleEyes -Khurram\MyAppSolution_Khurram\App.WebServices 
2020-11-11 14:07:56.9993| khurram |  | |INFO|Microsoft.Hosting.Lifetime| Microsoft.Extensions.Hosting.Internal.ConsoleLifetime.OnApplicationStarted | Application started. Press Ctrl+C to shut down. 
2020-11-11 14:07:57.0351| khurram |  | |INFO|Microsoft.Hosting.Lifetime| Microsoft.Extensions.Hosting.Internal.ConsoleLifetime.OnApplicationStarted | Hosting environment: Development 
2020-11-11 14:07:57.0501| khurram |  | |INFO|Microsoft.Hosting.Lifetime| Microsoft.Extensions.Hosting.Internal.ConsoleLifetime.OnApplicationStarted | Content root path: D:\MyDevelopment\A1_InterviewTests\EagleEyes -Khurram\MyAppSolution_Khurram\App.WebServices 
2020-11-11 14:09:15.8203| khurram |  | |INFO|Microsoft.Hosting.Lifetime| Microsoft.Extensions.Hosting.Internal.ConsoleLifetime.OnApplicationStarted | Application started. Press Ctrl+C to shut down. 
2020-11-11 14:09:15.8634| khurram |  | |INFO|Microsoft.Hosting.Lifetime| Microsoft.Extensions.Hosting.Internal.ConsoleLifetime.OnApplicationStarted | Hosting environment: Development 
2020-11-11 14:09:15.8634| khurram |  | |INFO|Microsoft.Hosting.Lifetime| Microsoft.Extensions.Hosting.Internal.ConsoleLifetime.OnApplicationStarted | Content root path: D:\MyDevelopment\A1_InterviewTests\EagleEyes -Khurram\MyAppSolution_Khurram\App.WebServices 
2020-11-11 14:20:03.4766| khurram |  | |INFO|Microsoft.Hosting.Lifetime| Microsoft.Extensions.Hosting.Internal.ConsoleLifetime.OnApplicationStarted | Application started. Press Ctrl+C to shut down. 
2020-11-11 14:20:03.5184| khurram |  | |INFO|Microsoft.Hosting.Lifetime| Microsoft.Extensions.Hosting.Internal.ConsoleLifetime.OnApplicationStarted | Hosting environment: Development 
2020-11-11 14:20:03.5349| khurram |  | |INFO|Microsoft.Hosting.Lifetime| Microsoft.Extensions.Hosting.Internal.ConsoleLifetime.OnApplicationStarted | Content root path: D:\MyDevelopment\A1_InterviewTests\EagleEyes -Khurram\MyAppSolution_Khurram\App.WebServices 
2020-11-11 16:59:16.8895| khurram |  | |INFO|Microsoft.Hosting.Lifetime| Microsoft.Extensions.Hosting.Internal.ConsoleLifetime.OnApplicationStarted | Application started. Press Ctrl+C to shut down. 
2020-11-11 16:59:16.9411| khurram |  | |INFO|Microsoft.Hosting.Lifetime| Microsoft.Extensions.Hosting.Internal.ConsoleLifetime.OnApplicationStarted | Hosting environment: Development 
2020-11-11 16:59:16.9411| khurram |  | |INFO|Microsoft.Hosting.Lifetime| Microsoft.Extensions.Hosting.Internal.ConsoleLifetime.OnApplicationStarted | Content root path: D:\MyDevelopment\A1_InterviewTests\EagleEyes -Khurram\MyAppSolution_Khurram\App.WebServices 
2020-11-11 17:02:05.2372| khurram |  | |INFO|Microsoft.Hosting.Lifetime| Microsoft.Extensions.Hosting.Internal.ConsoleLifetime.OnApplicationStarted | Application started. Press Ctrl+C to shut down. 
2020-11-11 17:02:05.2847| khurram |  | |INFO|Microsoft.Hosting.Lifetime| Microsoft.Extensions.Hosting.Internal.ConsoleLifetime.OnApplicationStarted | Hosting environment: Development 
2020-11-11 17:02:05.3016| khurram |  | |INFO|Microsoft.Hosting.Lifetime| Microsoft.Extensions.Hosting.Internal.ConsoleLifetime.OnApplicationStarted | Content root path: D:\MyDevelopment\A1_InterviewTests\EagleEyes -Khurram\MyAppSolution_Khurram\App.WebServices 
2020-11-11 17:05:42.8251| khurram |  | |INFO|Microsoft.Hosting.Lifetime| Microsoft.Extensions.Hosting.Internal.ConsoleLifetime.OnApplicationStarted | Application started. Press Ctrl+C to shut down. 
2020-11-11 17:05:42.8664| khurram |  | |INFO|Microsoft.Hosting.Lifetime| Microsoft.Extensions.Hosting.Internal.ConsoleLifetime.OnApplicationStarted | Hosting environment: Development 
2020-11-11 17:05:42.8664| khurram |  | |INFO|Microsoft.Hosting.Lifetime| Microsoft.Extensions.Hosting.Internal.ConsoleLifetime.OnApplicationStarted | Content root path: D:\MyDevelopment\A1_InterviewTests\EagleEyes -Khurram\MyAppSolution_Khurram\App.WebServices 
2020-11-11 17:09:28.2282| khurram |  | |INFO|Microsoft.Hosting.Lifetime| Microsoft.Extensions.Hosting.Internal.ConsoleLifetime.OnApplicationStarted | Application started. Press Ctrl+C to shut down. 
2020-11-11 17:09:28.2714| khurram |  | |INFO|Microsoft.Hosting.Lifetime| Microsoft.Extensions.Hosting.Internal.ConsoleLifetime.OnApplicationStarted | Hosting environment: Development 
2020-11-11 17:09:28.2849| khurram |  | |INFO|Microsoft.Hosting.Lifetime| Microsoft.Extensions.Hosting.Internal.ConsoleLifetime.OnApplicationStarted | Content root path: D:\MyDevelopment\A1_InterviewTests\EagleEyes -Khurram\MyAppSolution_Khurram\App.WebServices 
2020-11-11 17:11:42.7873| khurram |  | |INFO|Microsoft.Hosting.Lifetime| Microsoft.Extensions.Hosting.Internal.ConsoleLifetime.OnApplicationStarted | Application started. Press Ctrl+C to shut down. 
2020-11-11 17:11:42.8187| khurram |  | |INFO|Microsoft.Hosting.Lifetime| Microsoft.Extensions.Hosting.Internal.ConsoleLifetime.OnApplicationStarted | Hosting environment: Development 
2020-11-11 17:11:42.8329| khurram |  | |INFO|Microsoft.Hosting.Lifetime| Microsoft.Extensions.Hosting.Internal.ConsoleLifetime.OnApplicationStarted | Content root path: D:\MyDevelopment\A1_InterviewTests\EagleEyes -Khurram\MyAppSolution_Khurram\App.WebServices 
2020-11-11 17:14:23.1002| khurram |  | |INFO|Microsoft.Hosting.Lifetime| Microsoft.Extensions.Hosting.Internal.ConsoleLifetime.OnApplicationStarted | Application started. Press Ctrl+C to shut down. 
2020-11-11 17:14:23.1352| khurram |  | |INFO|Microsoft.Hosting.Lifetime| Microsoft.Extensions.Hosting.Internal.ConsoleLifetime.OnApplicationStarted | Hosting environment: Development 
2020-11-11 17:14:23.1495| khurram |  | |INFO|Microsoft.Hosting.Lifetime| Microsoft.Extensions.Hosting.Internal.ConsoleLifetime.OnApplicationStarted | Content root path: D:\MyDevelopment\A1_InterviewTests\EagleEyes -Khurram\MyAppSolution_Khurram\App.WebServices 
2020-11-11 17:20:19.7986| khurram |  | |INFO|Microsoft.Hosting.Lifetime| Microsoft.Extensions.Hosting.Internal.ConsoleLifetime.OnApplicationStarted | Application started. Press Ctrl+C to shut down. 
2020-11-11 17:20:19.8335| khurram |  | |INFO|Microsoft.Hosting.Lifetime| Microsoft.Extensions.Hosting.Internal.ConsoleLifetime.OnApplicationStarted | Hosting environment: Development 
2020-11-11 17:20:19.8471| khurram |  | |INFO|Microsoft.Hosting.Lifetime| Microsoft.Extensions.Hosting.Internal.ConsoleLifetime.OnApplicationStarted | Content root path: D:\MyDevelopment\A1_InterviewTests\EagleEyes -Khurram\MyAppSolution_Khurram\App.WebServices 
2020-11-11 17:26:21.7848| khurram |  | |INFO|Microsoft.Hosting.Lifetime| Microsoft.Extensions.Hosting.Internal.ConsoleLifetime.OnApplicationStarted | Application started. Press Ctrl+C to shut down. 
2020-11-11 17:26:21.8186| khurram |  | |INFO|Microsoft.Hosting.Lifetime| Microsoft.Extensions.Hosting.Internal.ConsoleLifetime.OnApplicationStarted | Hosting environment: Development 
2020-11-11 17:26:21.8312| khurram |  | |INFO|Microsoft.Hosting.Lifetime| Microsoft.Extensions.Hosting.Internal.ConsoleLifetime.OnApplicationStarted | Content root path: D:\MyDevelopment\A1_InterviewTests\EagleEyes -Khurram\MyAppSolution_Khurram\App.WebServices 
2020-11-11 17:28:26.6932| khurram |  | |INFO|Microsoft.Hosting.Lifetime| Microsoft.Extensions.Hosting.Internal.ConsoleLifetime.OnApplicationStarted | Application started. Press Ctrl+C to shut down. 
2020-11-11 17:28:26.7273| khurram |  | |INFO|Microsoft.Hosting.Lifetime| Microsoft.Extensions.Hosting.Internal.ConsoleLifetime.OnApplicationStarted | Hosting environment: Development 
2020-11-11 17:28:26.7379| khurram |  | |INFO|Microsoft.Hosting.Lifetime| Microsoft.Extensions.Hosting.Internal.ConsoleLifetime.OnApplicationStarted | Content root path: D:\MyDevelopment\A1_InterviewTests\EagleEyes -Khurram\MyAppSolution_Khurram\App.WebServices 
2020-11-11 17:29:25.7240| khurram |  | |INFO|Microsoft.Hosting.Lifetime| Microsoft.Extensions.Hosting.Internal.ConsoleLifetime.OnApplicationStarted | Application started. Press Ctrl+C to shut down. 
2020-11-11 17:29:25.7571| khurram |  | |INFO|Microsoft.Hosting.Lifetime| Microsoft.Extensions.Hosting.Internal.ConsoleLifetime.OnApplicationStarted | Hosting environment: Development 
2020-11-11 17:29:25.7687| khurram |  | |INFO|Microsoft.Hosting.Lifetime| Microsoft.Extensions.Hosting.Internal.ConsoleLifetime.OnApplicationStarted | Content root path: D:\MyDevelopment\A1_InterviewTests\EagleEyes -Khurram\MyAppSolution_Khurram\App.WebServices 
2020-11-11 17:30:38.2753| khurram |  | |INFO|Microsoft.Hosting.Lifetime| Microsoft.Extensions.Hosting.Internal.ConsoleLifetime.OnApplicationStarted | Application started. Press Ctrl+C to shut down. 
2020-11-11 17:30:38.3191| khurram |  | |INFO|Microsoft.Hosting.Lifetime| Microsoft.Extensions.Hosting.Internal.ConsoleLifetime.OnApplicationStarted | Hosting environment: Development 
2020-11-11 17:30:38.3191| khurram |  | |INFO|Microsoft.Hosting.Lifetime| Microsoft.Extensions.Hosting.Internal.ConsoleLifetime.OnApplicationStarted | Content root path: D:\MyDevelopment\A1_InterviewTests\EagleEyes -Khurram\MyAppSolution_Khurram\App.WebServices 
2020-11-11 17:35:45.2484| khurram |  | |INFO|Microsoft.Hosting.Lifetime| Microsoft.Extensions.Hosting.Internal.ConsoleLifetime.OnApplicationStarted | Application started. Press Ctrl+C to shut down. 
2020-11-11 17:35:45.2855| khurram |  | |INFO|Microsoft.Hosting.Lifetime| Microsoft.Extensions.Hosting.Internal.ConsoleLifetime.OnApplicationStarted | Hosting environment: Development 
2020-11-11 17:35:45.2855| khurram |  | |INFO|Microsoft.Hosting.Lifetime| Microsoft.Extensions.Hosting.Internal.ConsoleLifetime.OnApplicationStarted | Content root path: D:\MyDevelopment\A1_InterviewTests\EagleEyes -Khurram\MyAppSolution_Khurram\App.WebServices 
2020-11-11 17:42:23.1652| khurram |  | |INFO|Microsoft.Hosting.Lifetime| Microsoft.Extensions.Hosting.Internal.ConsoleLifetime.OnApplicationStarted | Application started. Press Ctrl+C to shut down. 
2020-11-11 17:42:23.2141| khurram |  | |INFO|Microsoft.Hosting.Lifetime| Microsoft.Extensions.Hosting.Internal.ConsoleLifetime.OnApplicationStarted | Hosting environment: Development 
2020-11-11 17:42:23.2217| khurram |  | |INFO|Microsoft.Hosting.Lifetime| Microsoft.Extensions.Hosting.Internal.ConsoleLifetime.OnApplicationStarted | Content root path: D:\MyDevelopment\A1_InterviewTests\EagleEyes -Khurram\MyAppSolution_Khurram\App.WebServices 
2020-11-11 17:59:43.6605| khurram |  | |INFO|Microsoft.Hosting.Lifetime| Microsoft.Extensions.Hosting.Internal.ConsoleLifetime.OnApplicationStarted | Application started. Press Ctrl+C to shut down. 
2020-11-11 17:59:43.6906| khurram |  | |INFO|Microsoft.Hosting.Lifetime| Microsoft.Extensions.Hosting.Internal.ConsoleLifetime.OnApplicationStarted | Hosting environment: Development 
2020-11-11 17:59:43.6906| khurram |  | |INFO|Microsoft.Hosting.Lifetime| Microsoft.Extensions.Hosting.Internal.ConsoleLifetime.OnApplicationStarted | Content root path: D:\MyDevelopment\A1_InterviewTests\EagleEyes -Khurram\MyAppSolution_Khurram\App.WebServices 
2020-11-11 18:04:04.1477| khurram |  | |INFO|Microsoft.Hosting.Lifetime| Microsoft.Extensions.Hosting.Internal.ConsoleLifetime.OnApplicationStarted | Application started. Press Ctrl+C to shut down. 
2020-11-11 18:04:04.1921| khurram |  | |INFO|Microsoft.Hosting.Lifetime| Microsoft.Extensions.Hosting.Internal.ConsoleLifetime.OnApplicationStarted | Hosting environment: Development 
2020-11-11 18:04:04.1921| khurram |  | |INFO|Microsoft.Hosting.Lifetime| Microsoft.Extensions.Hosting.Internal.ConsoleLifetime.OnApplicationStarted | Content root path: D:\MyDevelopment\A1_InterviewTests\EagleEyes -Khurram\MyAppSolution_Khurram\App.WebServices 
2020-11-11 18:05:51.7311| khurram |  | |INFO|Microsoft.Hosting.Lifetime| Microsoft.Extensions.Hosting.Internal.ConsoleLifetime.OnApplicationStarted | Application started. Press Ctrl+C to shut down. 
2020-11-11 18:05:51.7685| khurram |  | |INFO|Microsoft.Hosting.Lifetime| Microsoft.Extensions.Hosting.Internal.ConsoleLifetime.OnApplicationStarted | Hosting environment: Development 
2020-11-11 18:05:51.7685| khurram |  | |INFO|Microsoft.Hosting.Lifetime| Microsoft.Extensions.Hosting.Internal.ConsoleLifetime.OnApplicationStarted | Content root path: D:\MyDevelopment\A1_InterviewTests\EagleEyes -Khurram\MyAppSolution_Khurram\App.WebServices 
2020-11-11 18:12:00.1586| khurram |  | |INFO|Microsoft.Hosting.Lifetime| Microsoft.Extensions.Hosting.Internal.ConsoleLifetime.OnApplicationStarted | Application started. Press Ctrl+C to shut down. 
2020-11-11 18:12:00.1964| khurram |  | |INFO|Microsoft.Hosting.Lifetime| Microsoft.Extensions.Hosting.Internal.ConsoleLifetime.OnApplicationStarted | Hosting environment: Development 
2020-11-11 18:12:00.2070| khurram |  | |INFO|Microsoft.Hosting.Lifetime| Microsoft.Extensions.Hosting.Internal.ConsoleLifetime.OnApplicationStarted | Content root path: D:\MyDevelopment\A1_InterviewTests\EagleEyes -Khurram\MyAppSolution_Khurram\App.WebServices 
2020-11-11 18:13:14.3440| khurram |  | |INFO|Microsoft.Hosting.Lifetime| Microsoft.Extensions.Hosting.Internal.ConsoleLifetime.OnApplicationStarted | Application started. Press Ctrl+C to shut down. 
2020-11-11 18:13:14.3786| khurram |  | |INFO|Microsoft.Hosting.Lifetime| Microsoft.Extensions.Hosting.Internal.ConsoleLifetime.OnApplicationStarted | Hosting environment: Development 
2020-11-11 18:13:14.3951| khurram |  | |INFO|Microsoft.Hosting.Lifetime| Microsoft.Extensions.Hosting.Internal.ConsoleLifetime.OnApplicationStarted | Content root path: D:\MyDevelopment\A1_InterviewTests\EagleEyes -Khurram\MyAppSolution_Khurram\App.WebServices 
2020-11-11 18:18:04.8533| khurram |  | |INFO|Microsoft.Hosting.Lifetime| Microsoft.Extensions.Hosting.Internal.ConsoleLifetime.OnApplicationStarted | Application started. Press Ctrl+C to shut down. 
2020-11-11 18:18:04.8960| khurram |  | |INFO|Microsoft.Hosting.Lifetime| Microsoft.Extensions.Hosting.Internal.ConsoleLifetime.OnApplicationStarted | Hosting environment: Development 
2020-11-11 18:18:04.8960| khurram |  | |INFO|Microsoft.Hosting.Lifetime| Microsoft.Extensions.Hosting.Internal.ConsoleLifetime.OnApplicationStarted | Content root path: D:\MyDevelopment\A1_InterviewTests\EagleEyes -Khurram\MyAppSolution_Khurram\App.WebServices 
2020-11-11 19:26:59.6118| khurram |  | |INFO|Microsoft.Hosting.Lifetime| Microsoft.Extensions.Hosting.Internal.ConsoleLifetime.OnApplicationStarted | Application started. Press Ctrl+C to shut down. 
2020-11-11 19:26:59.6524| khurram |  | |INFO|Microsoft.Hosting.Lifetime| Microsoft.Extensions.Hosting.Internal.ConsoleLifetime.OnApplicationStarted | Hosting environment: Development 
2020-11-11 19:26:59.6601| khurram |  | |INFO|Microsoft.Hosting.Lifetime| Microsoft.Extensions.Hosting.Internal.ConsoleLifetime.OnApplicationStarted | Content root path: D:\MyDevelopment\A1_InterviewTests\EagleEyes -Khurram\MyAppSolution_Khurram\App.WebServices 
2020-11-11 19:27:51.5650| khurram |  | |INFO|Microsoft.Hosting.Lifetime| Microsoft.Extensions.Hosting.Internal.ConsoleLifetime.OnApplicationStarted | Application started. Press Ctrl+C to shut down. 
2020-11-11 19:27:51.6031| khurram |  | |INFO|Microsoft.Hosting.Lifetime| Microsoft.Extensions.Hosting.Internal.ConsoleLifetime.OnApplicationStarted | Hosting environment: Development 
2020-11-11 19:27:51.6143| khurram |  | |INFO|Microsoft.Hosting.Lifetime| Microsoft.Extensions.Hosting.Internal.ConsoleLifetime.OnApplicationStarted | Content root path: D:\MyDevelopment\A1_InterviewTests\EagleEyes -Khurram\MyAppSolution_Khurram\App.WebServices 
2020-11-11 19:28:41.5706| khurram |  | |INFO|Microsoft.Hosting.Lifetime| Microsoft.Extensions.Hosting.Internal.ConsoleLifetime.OnApplicationStarted | Application started. Press Ctrl+C to shut down. 
2020-11-11 19:28:41.6161| khurram |  | |INFO|Microsoft.Hosting.Lifetime| Microsoft.Extensions.Hosting.Internal.ConsoleLifetime.OnApplicationStarted | Hosting environment: Development 
2020-11-11 19:28:41.6161| khurram |  | |INFO|Microsoft.Hosting.Lifetime| Microsoft.Extensions.Hosting.Internal.ConsoleLifetime.OnApplicationStarted | Content root path: D:\MyDevelopment\A1_InterviewTests\EagleEyes -Khurram\MyAppSolution_Khurram\App.WebServices 
2020-11-11 19:29:19.9083| khurram |  | |INFO|Microsoft.Hosting.Lifetime| Microsoft.Extensions.Hosting.Internal.ConsoleLifetime.OnApplicationStarted | Application started. Press Ctrl+C to shut down. 
2020-11-11 19:29:19.9421| khurram |  | |INFO|Microsoft.Hosting.Lifetime| Microsoft.Extensions.Hosting.Internal.ConsoleLifetime.OnApplicationStarted | Hosting environment: Development 
2020-11-11 19:29:19.9560| khurram |  | |INFO|Microsoft.Hosting.Lifetime| Microsoft.Extensions.Hosting.Internal.ConsoleLifetime.OnApplicationStarted | Content root path: D:\MyDevelopment\A1_InterviewTests\EagleEyes -Khurram\MyAppSolution_Khurram\App.WebServices 
2020-11-11 19:30:11.6035| khurram |  | |INFO|Microsoft.Hosting.Lifetime| Microsoft.Extensions.Hosting.Internal.ConsoleLifetime.OnApplicationStarted | Application started. Press Ctrl+C to shut down. 
2020-11-11 19:30:11.6478| khurram |  | |INFO|Microsoft.Hosting.Lifetime| Microsoft.Extensions.Hosting.Internal.ConsoleLifetime.OnApplicationStarted | Hosting environment: Development 
2020-11-11 19:30:11.6478| khurram |  | |INFO|Microsoft.Hosting.Lifetime| Microsoft.Extensions.Hosting.Internal.ConsoleLifetime.OnApplicationStarted | Content root path: D:\MyDevelopment\A1_InterviewTests\EagleEyes -Khurram\MyAppSolution_Khurram\App.WebServices 
2020-11-11 19:40:21.7833| khurram |  | |INFO|Microsoft.Hosting.Lifetime| Microsoft.Extensions.Hosting.Internal.ConsoleLifetime.OnApplicationStarted | Application started. Press Ctrl+C to shut down. 
2020-11-11 19:40:21.8167| khurram |  | |INFO|Microsoft.Hosting.Lifetime| Microsoft.Extensions.Hosting.Internal.ConsoleLifetime.OnApplicationStarted | Hosting environment: Development 
2020-11-11 19:40:21.8317| khurram |  | |INFO|Microsoft.Hosting.Lifetime| Microsoft.Extensions.Hosting.Internal.ConsoleLifetime.OnApplicationStarted | Content root path: D:\MyDevelopment\A1_InterviewTests\EagleEyes -Khurram\MyAppSolution_Khurram\App.WebServices 
2020-11-11 19:44:10.4176| khurram |  | |INFO|Microsoft.Hosting.Lifetime| Microsoft.Extensions.Hosting.Internal.ConsoleLifetime.OnApplicationStarted | Application started. Press Ctrl+C to shut down. 
2020-11-11 19:44:10.4591| khurram |  | |INFO|Microsoft.Hosting.Lifetime| Microsoft.Extensions.Hosting.Internal.ConsoleLifetime.OnApplicationStarted | Hosting environment: Development 
2020-11-11 19:44:10.4591| khurram |  | |INFO|Microsoft.Hosting.Lifetime| Microsoft.Extensions.Hosting.Internal.ConsoleLifetime.OnApplicationStarted | Content root path: D:\MyDevelopment\A1_InterviewTests\EagleEyes -Khurram\MyAppSolution_Khurram\App.WebServices 
2020-11-11 19:48:21.4615| khurram |  | |INFO|Microsoft.Hosting.Lifetime| Microsoft.Extensions.Hosting.Internal.ConsoleLifetime.OnApplicationStarted | Application started. Press Ctrl+C to shut down. 
2020-11-11 19:48:21.5064| khurram |  | |INFO|Microsoft.Hosting.Lifetime| Microsoft.Extensions.Hosting.Internal.ConsoleLifetime.OnApplicationStarted | Hosting environment: Development 
2020-11-11 19:48:21.5187| khurram |  | |INFO|Microsoft.Hosting.Lifetime| Microsoft.Extensions.Hosting.Internal.ConsoleLifetime.OnApplicationStarted | Content root path: D:\MyDevelopment\A1_InterviewTests\EagleEyes -Khurram\MyAppSolution_Khurram\App.WebServices 
2020-11-11 19:49:44.9164| khurram |  | |INFO|Microsoft.Hosting.Lifetime| Microsoft.Extensions.Hosting.Internal.ConsoleLifetime.OnApplicationStarted | Application started. Press Ctrl+C to shut down. 
2020-11-11 19:49:44.9607| khurram |  | |INFO|Microsoft.Hosting.Lifetime| Microsoft.Extensions.Hosting.Internal.ConsoleLifetime.OnApplicationStarted | Hosting environment: Development 
2020-11-11 19:49:44.9607| khurram |  | |INFO|Microsoft.Hosting.Lifetime| Microsoft.Extensions.Hosting.Internal.ConsoleLifetime.OnApplicationStarted | Content root path: D:\MyDevelopment\A1_InterviewTests\EagleEyes -Khurram\MyAppSolution_Khurram\App.WebServices 
2020-11-11 19:53:32.0201| khurram |  | |INFO|Microsoft.Hosting.Lifetime| Microsoft.Extensions.Hosting.Internal.ConsoleLifetime.OnApplicationStarted | Application started. Press Ctrl+C to shut down. 
2020-11-11 19:53:32.0672| khurram |  | |INFO|Microsoft.Hosting.Lifetime| Microsoft.Extensions.Hosting.Internal.ConsoleLifetime.OnApplicationStarted | Hosting environment: Development 
2020-11-11 19:53:32.0810| khurram |  | |INFO|Microsoft.Hosting.Lifetime| Microsoft.Extensions.Hosting.Internal.ConsoleLifetime.OnApplicationStarted | Content root path: D:\MyDevelopment\A1_InterviewTests\EagleEyes -Khurram\MyAppSolution_Khurram\App.WebServices 
2020-11-11 19:54:57.5021| khurram |  | |INFO|Microsoft.Hosting.Lifetime| Microsoft.Extensions.Hosting.Internal.ConsoleLifetime.OnApplicationStarted | Application started. Press Ctrl+C to shut down. 
2020-11-11 19:54:57.5352| khurram |  | |INFO|Microsoft.Hosting.Lifetime| Microsoft.Extensions.Hosting.Internal.ConsoleLifetime.OnApplicationStarted | Hosting environment: Development 
2020-11-11 19:54:57.5501| khurram |  | |INFO|Microsoft.Hosting.Lifetime| Microsoft.Extensions.Hosting.Internal.ConsoleLifetime.OnApplicationStarted | Content root path: D:\MyDevelopment\A1_InterviewTests\EagleEyes -Khurram\MyAppSolution_Khurram\App.WebServices 
2020-11-11 19:55:40.2489| khurram |  | |INFO|Microsoft.Hosting.Lifetime| Microsoft.Extensions.Hosting.Internal.ConsoleLifetime.OnApplicationStarted | Application started. Press Ctrl+C to shut down. 
2020-11-11 19:55:40.2871| khurram |  | |INFO|Microsoft.Hosting.Lifetime| Microsoft.Extensions.Hosting.Internal.ConsoleLifetime.OnApplicationStarted | Hosting environment: Development 
2020-11-11 19:55:40.2871| khurram |  | |INFO|Microsoft.Hosting.Lifetime| Microsoft.Extensions.Hosting.Internal.ConsoleLifetime.OnApplicationStarted | Content root path: D:\MyDevelopment\A1_InterviewTests\EagleEyes -Khurram\MyAppSolution_Khurram\App.WebServices 
2020-11-11 19:57:30.7405| khurram |  | |INFO|Microsoft.Hosting.Lifetime| Microsoft.Extensions.Hosting.Internal.ConsoleLifetime.OnApplicationStarted | Application started. Press Ctrl+C to shut down. 
2020-11-11 19:57:30.7890| khurram |  | |INFO|Microsoft.Hosting.Lifetime| Microsoft.Extensions.Hosting.Internal.ConsoleLifetime.OnApplicationStarted | Hosting environment: Development 
2020-11-11 19:57:30.7890| khurram |  | |INFO|Microsoft.Hosting.Lifetime| Microsoft.Extensions.Hosting.Internal.ConsoleLifetime.OnApplicationStarted | Content root path: D:\MyDevelopment\A1_InterviewTests\EagleEyes -Khurram\MyAppSolution_Khurram\App.WebServices 
2020-11-11 19:59:11.9959| khurram |  | |INFO|Microsoft.Hosting.Lifetime| Microsoft.Extensions.Hosting.Internal.ConsoleLifetime.OnApplicationStarted | Application started. Press Ctrl+C to shut down. 
2020-11-11 19:59:12.0375| khurram |  | |INFO|Microsoft.Hosting.Lifetime| Microsoft.Extensions.Hosting.Internal.ConsoleLifetime.OnApplicationStarted | Hosting environment: Development 
2020-11-11 19:59:12.0375| khurram |  | |INFO|Microsoft.Hosting.Lifetime| Microsoft.Extensions.Hosting.Internal.ConsoleLifetime.OnApplicationStarted | Content root path: D:\MyDevelopment\A1_InterviewTests\EagleEyes -Khurram\MyAppSolution_Khurram\App.WebServices 
2020-11-11 20:05:40.1695| khurram |  | |INFO|Microsoft.Hosting.Lifetime| Microsoft.Extensions.Hosting.Internal.ConsoleLifetime.OnApplicationStarted | Application started. Press Ctrl+C to shut down. 
2020-11-11 20:05:40.2272| khurram |  | |INFO|Microsoft.Hosting.Lifetime| Microsoft.Extensions.Hosting.Internal.ConsoleLifetime.OnApplicationStarted | Hosting environment: Development 
2020-11-11 20:05:40.2375| khurram |  | |INFO|Microsoft.Hosting.Lifetime| Microsoft.Extensions.Hosting.Internal.ConsoleLifetime.OnApplicationStarted | Content root path: D:\MyDevelopment\A1_InterviewTests\EagleEyes -Khurram\MyAppSolution_Khurram\App.WebServices 
2020-11-11 20:07:51.8003| khurram |  | |INFO|Microsoft.Hosting.Lifetime| Microsoft.Extensions.Hosting.Internal.ConsoleLifetime.OnApplicationStarted | Application started. Press Ctrl+C to shut down. 
2020-11-11 20:07:51.8513| khurram |  | |INFO|Microsoft.Hosting.Lifetime| Microsoft.Extensions.Hosting.Internal.ConsoleLifetime.OnApplicationStarted | Hosting environment: Development 
2020-11-11 20:07:51.8626| khurram |  | |INFO|Microsoft.Hosting.Lifetime| Microsoft.Extensions.Hosting.Internal.ConsoleLifetime.OnApplicationStarted | Content root path: D:\MyDevelopment\A1_InterviewTests\EagleEyes -Khurram\MyAppSolution_Khurram\App.WebServices 
2020-11-11 20:09:39.7847| khurram |  | |INFO|Microsoft.Hosting.Lifetime| Microsoft.Extensions.Hosting.Internal.ConsoleLifetime.OnApplicationStarted | Application started. Press Ctrl+C to shut down. 
2020-11-11 20:09:39.8184| khurram |  | |INFO|Microsoft.Hosting.Lifetime| Microsoft.Extensions.Hosting.Internal.ConsoleLifetime.OnApplicationStarted | Hosting environment: Development 
2020-11-11 20:09:39.8318| khurram |  | |INFO|Microsoft.Hosting.Lifetime| Microsoft.Extensions.Hosting.Internal.ConsoleLifetime.OnApplicationStarted | Content root path: D:\MyDevelopment\A1_InterviewTests\EagleEyes -Khurram\MyAppSolution_Khurram\App.WebServices 
2020-11-11 20:12:28.7345| khurram |  | |INFO|Microsoft.Hosting.Lifetime| Microsoft.Extensions.Hosting.Internal.ConsoleLifetime.OnApplicationStarted | Application started. Press Ctrl+C to shut down. 
2020-11-11 20:12:28.7707| khurram |  | |INFO|Microsoft.Hosting.Lifetime| Microsoft.Extensions.Hosting.Internal.ConsoleLifetime.OnApplicationStarted | Hosting environment: Development 
2020-11-11 20:12:28.7855| khurram |  | |INFO|Microsoft.Hosting.Lifetime| Microsoft.Extensions.Hosting.Internal.ConsoleLifetime.OnApplicationStarted | Content root path: D:\MyDevelopment\A1_InterviewTests\EagleEyes -Khurram\MyAppSolution_Khurram\App.WebServices 
2020-11-11 20:13:21.4757| khurram |  | |INFO|Microsoft.Hosting.Lifetime| Microsoft.Extensions.Hosting.Internal.ConsoleLifetime.OnApplicationStarted | Application started. Press Ctrl+C to shut down. 
2020-11-11 20:13:21.5055| khurram |  | |INFO|Microsoft.Hosting.Lifetime| Microsoft.Extensions.Hosting.Internal.ConsoleLifetime.OnApplicationStarted | Hosting environment: Development 
2020-11-11 20:13:21.5187| khurram |  | |INFO|Microsoft.Hosting.Lifetime| Microsoft.Extensions.Hosting.Internal.ConsoleLifetime.OnApplicationStarted | Content root path: D:\MyDevelopment\A1_InterviewTests\EagleEyes -Khurram\MyAppSolution_Khurram\App.WebServices 
2020-11-11 20:16:10.4635| khurram |  | |INFO|Microsoft.Hosting.Lifetime| Microsoft.Extensions.Hosting.Internal.ConsoleLifetime.OnApplicationStarted | Application started. Press Ctrl+C to shut down. 
2020-11-11 20:16:10.5039| khurram |  | |INFO|Microsoft.Hosting.Lifetime| Microsoft.Extensions.Hosting.Internal.ConsoleLifetime.OnApplicationStarted | Hosting environment: Development 
2020-11-11 20:16:10.5039| khurram |  | |INFO|Microsoft.Hosting.Lifetime| Microsoft.Extensions.Hosting.Internal.ConsoleLifetime.OnApplicationStarted | Content root path: D:\MyDevelopment\A1_InterviewTests\EagleEyes -Khurram\MyAppSolution_Khurram\App.WebServices 
2020-11-11 20:16:46.0707| khurram |  | |INFO|Microsoft.Hosting.Lifetime| Microsoft.Extensions.Hosting.Internal.ConsoleLifetime.OnApplicationStarted | Application started. Press Ctrl+C to shut down. 
2020-11-11 20:16:46.1136| khurram |  | |INFO|Microsoft.Hosting.Lifetime| Microsoft.Extensions.Hosting.Internal.ConsoleLifetime.OnApplicationStarted | Hosting environment: Development 
2020-11-11 20:16:46.1351| khurram |  | |INFO|Microsoft.Hosting.Lifetime| Microsoft.Extensions.Hosting.Internal.ConsoleLifetime.OnApplicationStarted | Content root path: D:\MyDevelopment\A1_InterviewTests\EagleEyes -Khurram\MyAppSolution_Khurram\App.WebServices 
2020-11-11 20:18:45.9272| khurram |  | |INFO|Microsoft.Hosting.Lifetime| Microsoft.Extensions.Hosting.Internal.ConsoleLifetime.OnApplicationStarted | Application started. Press Ctrl+C to shut down. 
2020-11-11 20:18:45.9740| khurram |  | |INFO|Microsoft.Hosting.Lifetime| Microsoft.Extensions.Hosting.Internal.ConsoleLifetime.OnApplicationStarted | Hosting environment: Development 
2020-11-11 20:18:45.9740| khurram |  | |INFO|Microsoft.Hosting.Lifetime| Microsoft.Extensions.Hosting.Internal.ConsoleLifetime.OnApplicationStarted | Content root path: D:\MyDevelopment\A1_InterviewTests\EagleEyes -Khurram\MyAppSolution_Khurram\App.WebServices 
2020-11-11 20:19:28.8848| khurram |  | |INFO|Microsoft.Hosting.Lifetime| Microsoft.Extensions.Hosting.Internal.ConsoleLifetime.OnApplicationStarted | Application started. Press Ctrl+C to shut down. 
2020-11-11 20:19:28.9261| khurram |  | |INFO|Microsoft.Hosting.Lifetime| Microsoft.Extensions.Hosting.Internal.ConsoleLifetime.OnApplicationStarted | Hosting environment: Development 
2020-11-11 20:19:28.9405| khurram |  | |INFO|Microsoft.Hosting.Lifetime| Microsoft.Extensions.Hosting.Internal.ConsoleLifetime.OnApplicationStarted | Content root path: D:\MyDevelopment\A1_InterviewTests\EagleEyes -Khurram\MyAppSolution_Khurram\App.WebServices 
2020-11-11 20:21:03.3744| khurram |  | |INFO|Microsoft.Hosting.Lifetime| Microsoft.Extensions.Hosting.Internal.ConsoleLifetime.OnApplicationStarted | Application started. Press Ctrl+C to shut down. 
2020-11-11 20:21:03.4288| khurram |  | |INFO|Microsoft.Hosting.Lifetime| Microsoft.Extensions.Hosting.Internal.ConsoleLifetime.OnApplicationStarted | Hosting environment: Development 
2020-11-11 20:21:03.4288| khurram |  | |INFO|Microsoft.Hosting.Lifetime| Microsoft.Extensions.Hosting.Internal.ConsoleLifetime.OnApplicationStarted | Content root path: D:\MyDevelopment\A1_InterviewTests\EagleEyes -Khurram\MyAppSolution_Khurram\App.WebServices 
2020-11-11 20:28:42.9057| khurram |  | |INFO|Microsoft.Hosting.Lifetime| Microsoft.Extensions.Hosting.Internal.ConsoleLifetime.OnApplicationStarted | Application started. Press Ctrl+C to shut down. 
2020-11-11 20:28:42.9482| khurram |  | |INFO|Microsoft.Hosting.Lifetime| Microsoft.Extensions.Hosting.Internal.ConsoleLifetime.OnApplicationStarted | Hosting environment: Development 
2020-11-11 20:28:42.9565| khurram |  | |INFO|Microsoft.Hosting.Lifetime| Microsoft.Extensions.Hosting.Internal.ConsoleLifetime.OnApplicationStarted | Content root path: D:\MyDevelopment\A1_InterviewTests\EagleEyes -Khurram\MyAppSolution_Khurram\App.WebServices 
2020-11-11 20:32:06.3133| khurram |  | |INFO|Microsoft.Hosting.Lifetime| Microsoft.Extensions.Hosting.Internal.ConsoleLifetime.OnApplicationStarted | Application started. Press Ctrl+C to shut down. 
2020-11-11 20:32:06.3515| khurram |  | |INFO|Microsoft.Hosting.Lifetime| Microsoft.Extensions.Hosting.Internal.ConsoleLifetime.OnApplicationStarted | Hosting environment: Development 
2020-11-11 20:32:06.3625| khurram |  | |INFO|Microsoft.Hosting.Lifetime| Microsoft.Extensions.Hosting.Internal.ConsoleLifetime.OnApplicationStarted | Content root path: D:\MyDevelopment\A1_InterviewTests\EagleEyes -Khurram\MyAppSolution_Khurram\App.WebServices 
2020-11-11 20:36:26.9626| khurram |  | |INFO|Microsoft.Hosting.Lifetime| Microsoft.Extensions.Hosting.Internal.ConsoleLifetime.OnApplicationStarted | Application started. Press Ctrl+C to shut down. 
2020-11-11 20:36:27.0043| khurram |  | |INFO|Microsoft.Hosting.Lifetime| Microsoft.Extensions.Hosting.Internal.ConsoleLifetime.OnApplicationStarted | Hosting environment: Development 
2020-11-11 20:36:27.0043| khurram |  | |INFO|Microsoft.Hosting.Lifetime| Microsoft.Extensions.Hosting.Internal.ConsoleLifetime.OnApplicationStarted | Content root path: D:\MyDevelopment\A1_InterviewTests\EagleEyes -Khurram\MyAppSolution_Khurram\App.WebServices 
2020-11-11 20:40:41.5162| khurram |  | |INFO|Microsoft.Hosting.Lifetime| Microsoft.Extensions.Hosting.Internal.ConsoleLifetime.OnApplicationStarted | Application started. Press Ctrl+C to shut down. 
2020-11-11 20:40:41.5547| khurram |  | |INFO|Microsoft.Hosting.Lifetime| Microsoft.Extensions.Hosting.Internal.ConsoleLifetime.OnApplicationStarted | Hosting environment: Development 
2020-11-11 20:40:41.5665| khurram |  | |INFO|Microsoft.Hosting.Lifetime| Microsoft.Extensions.Hosting.Internal.ConsoleLifetime.OnApplicationStarted | Content root path: D:\MyDevelopment\A1_InterviewTests\EagleEyes -Khurram\MyAppSolution_Khurram\App.WebServices 
2020-11-11 21:00:49.4882| khurram |  | |INFO|Microsoft.Hosting.Lifetime| Microsoft.Extensions.Hosting.Internal.ConsoleLifetime.OnApplicationStarted | Application started. Press Ctrl+C to shut down. 
2020-11-11 21:00:49.5199| khurram |  | |INFO|Microsoft.Hosting.Lifetime| Microsoft.Extensions.Hosting.Internal.ConsoleLifetime.OnApplicationStarted | Hosting environment: Development 
2020-11-11 21:00:49.5344| khurram |  | |INFO|Microsoft.Hosting.Lifetime| Microsoft.Extensions.Hosting.Internal.ConsoleLifetime.OnApplicationStarted | Content root path: D:\MyDevelopment\A1_InterviewTests\EagleEyes -Khurram\MyAppSolution_Khurram\App.WebServices 
2020-11-11 21:03:43.9895| khurram |  | |INFO|Microsoft.Hosting.Lifetime| Microsoft.Extensions.Hosting.Internal.ConsoleLifetime.OnApplicationStarted | Application started. Press Ctrl+C to shut down. 
2020-11-11 21:03:44.0248| khurram |  | |INFO|Microsoft.Hosting.Lifetime| Microsoft.Extensions.Hosting.Internal.ConsoleLifetime.OnApplicationStarted | Hosting environment: Development 
2020-11-11 21:03:44.0360| khurram |  | |INFO|Microsoft.Hosting.Lifetime| Microsoft.Extensions.Hosting.Internal.ConsoleLifetime.OnApplicationStarted | Content root path: D:\MyDevelopment\A1_InterviewTests\EagleEyes -Khurram\MyAppSolution_Khurram\App.WebServices 
2020-11-11 21:11:30.1609| khurram |  | |INFO|Microsoft.Hosting.Lifetime| Microsoft.Extensions.Hosting.Internal.ConsoleLifetime.OnApplicationStarted | Application started. Press Ctrl+C to shut down. 
2020-11-11 21:11:30.1937| khurram |  | |INFO|Microsoft.Hosting.Lifetime| Microsoft.Extensions.Hosting.Internal.ConsoleLifetime.OnApplicationStarted | Hosting environment: Development 
2020-11-11 21:11:30.2063| khurram |  | |INFO|Microsoft.Hosting.Lifetime| Microsoft.Extensions.Hosting.Internal.ConsoleLifetime.OnApplicationStarted | Content root path: D:\MyDevelopment\A1_InterviewTests\EagleEyes -Khurram\MyAppSolution_Khurram\App.WebServices 
2020-11-11 21:14:00.6781| khurram |  | |INFO|Microsoft.Hosting.Lifetime| Microsoft.Extensions.Hosting.Internal.ConsoleLifetime.OnApplicationStarted | Application started. Press Ctrl+C to shut down. 
2020-11-11 21:14:00.7241| khurram |  | |INFO|Microsoft.Hosting.Lifetime| Microsoft.Extensions.Hosting.Internal.ConsoleLifetime.OnApplicationStarted | Hosting environment: Development 
2020-11-11 21:14:00.7241| khurram |  | |INFO|Microsoft.Hosting.Lifetime| Microsoft.Extensions.Hosting.Internal.ConsoleLifetime.OnApplicationStarted | Content root path: D:\MyDevelopment\A1_InterviewTests\EagleEyes -Khurram\MyAppSolution_Khurram\App.WebServices 
2020-11-11 21:16:18.3100| khurram |  | |INFO|Microsoft.Hosting.Lifetime| Microsoft.Extensions.Hosting.Internal.ConsoleLifetime.OnApplicationStarted | Application started. Press Ctrl+C to shut down. 
2020-11-11 21:16:18.3571| khurram |  | |INFO|Microsoft.Hosting.Lifetime| Microsoft.Extensions.Hosting.Internal.ConsoleLifetime.OnApplicationStarted | Hosting environment: Development 
2020-11-11 21:16:18.3637| khurram |  | |INFO|Microsoft.Hosting.Lifetime| Microsoft.Extensions.Hosting.Internal.ConsoleLifetime.OnApplicationStarted | Content root path: D:\MyDevelopment\A1_InterviewTests\EagleEyes -Khurram\MyAppSolution_Khurram\App.WebServices 
2020-11-11 21:19:36.4956| khurram |  | |INFO|Microsoft.Hosting.Lifetime| Microsoft.Extensions.Hosting.Internal.ConsoleLifetime.OnApplicationStarted | Application started. Press Ctrl+C to shut down. 
2020-11-11 21:19:36.5374| khurram |  | |INFO|Microsoft.Hosting.Lifetime| Microsoft.Extensions.Hosting.Internal.ConsoleLifetime.OnApplicationStarted | Hosting environment: Development 
2020-11-11 21:19:36.5374| khurram |  | |INFO|Microsoft.Hosting.Lifetime| Microsoft.Extensions.Hosting.Internal.ConsoleLifetime.OnApplicationStarted | Content root path: D:\MyDevelopment\A1_InterviewTests\EagleEyes -Khurram\MyAppSolution_Khurram\App.WebServices 
2020-11-11 21:20:57.9439| khurram |  | |INFO|Microsoft.Hosting.Lifetime| Microsoft.Extensions.Hosting.Internal.ConsoleLifetime.OnApplicationStarted | Application started. Press Ctrl+C to shut down. 
2020-11-11 21:20:57.9898| khurram |  | |INFO|Microsoft.Hosting.Lifetime| Microsoft.Extensions.Hosting.Internal.ConsoleLifetime.OnApplicationStarted | Hosting environment: Development 
2020-11-11 21:20:57.9898| khurram |  | |INFO|Microsoft.Hosting.Lifetime| Microsoft.Extensions.Hosting.Internal.ConsoleLifetime.OnApplicationStarted | Content root path: D:\MyDevelopment\A1_InterviewTests\EagleEyes -Khurram\MyAppSolution_Khurram\App.WebServices 
2020-11-11 21:23:21.1340| khurram |  | |INFO|Microsoft.Hosting.Lifetime| Microsoft.Extensions.Hosting.Internal.ConsoleLifetime.OnApplicationStarted | Application started. Press Ctrl+C to shut down. 
2020-11-11 21:23:21.1916| khurram |  | |INFO|Microsoft.Hosting.Lifetime| Microsoft.Extensions.Hosting.Internal.ConsoleLifetime.OnApplicationStarted | Hosting environment: Development 
2020-11-11 21:23:21.1916| khurram |  | |INFO|Microsoft.Hosting.Lifetime| Microsoft.Extensions.Hosting.Internal.ConsoleLifetime.OnApplicationStarted | Content root path: D:\MyDevelopment\A1_InterviewTests\EagleEyes -Khurram\MyAppSolution_Khurram\App.WebServices 
2020-11-11 21:24:24.9329| khurram |  | |INFO|Microsoft.Hosting.Lifetime| Microsoft.Extensions.Hosting.Internal.ConsoleLifetime.OnApplicationStarted | Application started. Press Ctrl+C to shut down. 
2020-11-11 21:24:24.9764| khurram |  | |INFO|Microsoft.Hosting.Lifetime| Microsoft.Extensions.Hosting.Internal.ConsoleLifetime.OnApplicationStarted | Hosting environment: Development 
2020-11-11 21:24:24.9887| khurram |  | |INFO|Microsoft.Hosting.Lifetime| Microsoft.Extensions.Hosting.Internal.ConsoleLifetime.OnApplicationStarted | Content root path: D:\MyDevelopment\A1_InterviewTests\EagleEyes -Khurram\MyAppSolution_Khurram\App.WebServices 
2020-11-11 21:28:59.0566| khurram |  | |INFO|Microsoft.Hosting.Lifetime| Microsoft.Extensions.Hosting.Internal.ConsoleLifetime.OnApplicationStarted | Application started. Press Ctrl+C to shut down. 
2020-11-11 21:28:59.0980| khurram |  | |INFO|Microsoft.Hosting.Lifetime| Microsoft.Extensions.Hosting.Internal.ConsoleLifetime.OnApplicationStarted | Hosting environment: Development 
2020-11-11 21:28:59.0980| khurram |  | |INFO|Microsoft.Hosting.Lifetime| Microsoft.Extensions.Hosting.Internal.ConsoleLifetime.OnApplicationStarted | Content root path: D:\MyDevelopment\A1_InterviewTests\EagleEyes -Khurram\MyAppSolution_Khurram\App.WebServices 
2020-11-11 21:30:11.4106| khurram |  | |INFO|Microsoft.Hosting.Lifetime| Microsoft.Extensions.Hosting.Internal.ConsoleLifetime.OnApplicationStarted | Application started. Press Ctrl+C to shut down. 
2020-11-11 21:30:11.4435| khurram |  | |INFO|Microsoft.Hosting.Lifetime| Microsoft.Extensions.Hosting.Internal.ConsoleLifetime.OnApplicationStarted | Hosting environment: Development 
2020-11-11 21:30:11.4567| khurram |  | |INFO|Microsoft.Hosting.Lifetime| Microsoft.Extensions.Hosting.Internal.ConsoleLifetime.OnApplicationStarted | Content root path: D:\MyDevelopment\A1_InterviewTests\EagleEyes -Khurram\MyAppSolution_Khurram\App.WebServices 
2020-11-11 22:13:32.0068| khurram |  | |INFO|Microsoft.Hosting.Lifetime| Microsoft.Extensions.Hosting.Internal.ConsoleLifetime.OnApplicationStarted | Application started. Press Ctrl+C to shut down. 
2020-11-11 22:13:32.0380| khurram |  | |INFO|Microsoft.Hosting.Lifetime| Microsoft.Extensions.Hosting.Internal.ConsoleLifetime.OnApplicationStarted | Hosting environment: Development 
2020-11-11 22:13:32.0514| khurram |  | |INFO|Microsoft.Hosting.Lifetime| Microsoft.Extensions.Hosting.Internal.ConsoleLifetime.OnApplicationStarted | Content root path: D:\MyDevelopment\A1_InterviewTests\EagleEyes -Khurram\MyAppSolution_Khurram\App.WebServices 
2020-11-11 22:25:21.0955| khurram |  | |INFO|Microsoft.Hosting.Lifetime| Microsoft.Extensions.Hosting.Internal.ConsoleLifetime.OnApplicationStarted | Application started. Press Ctrl+C to shut down. 
2020-11-11 22:25:21.1323| khurram |  | |INFO|Microsoft.Hosting.Lifetime| Microsoft.Extensions.Hosting.Internal.ConsoleLifetime.OnApplicationStarted | Hosting environment: Development 
2020-11-11 22:25:21.1442| khurram |  | |INFO|Microsoft.Hosting.Lifetime| Microsoft.Extensions.Hosting.Internal.ConsoleLifetime.OnApplicationStarted | Content root path: D:\MyDevelopment\A1_InterviewTests\EagleEyes -Khurram\MyAppSolution_Khurram\App.WebServices 
2020-11-11 22:38:08.3547| khurram |  | |INFO|Microsoft.Hosting.Lifetime| Microsoft.Extensions.Hosting.Internal.ConsoleLifetime.OnApplicationStarted | Application started. Press Ctrl+C to shut down. 
2020-11-11 22:38:08.3940| khurram |  | |INFO|Microsoft.Hosting.Lifetime| Microsoft.Extensions.Hosting.Internal.ConsoleLifetime.OnApplicationStarted | Hosting environment: Development 
2020-11-11 22:38:08.3940| khurram |  | |INFO|Microsoft.Hosting.Lifetime| Microsoft.Extensions.Hosting.Internal.ConsoleLifetime.OnApplicationStarted | Content root path: D:\MyDevelopment\A1_InterviewTests\EagleEyes -Khurram\MyAppSolution_Khurram\App.WebServices 
